This is pdfTeX, Version 3.14159265-2.6-1.40.20 (TeX Live 2019) (preloaded format=pdflatex 2019.7.27)  12 SEP 2019 05:24
entering extended mode
 restricted \write18 enabled.
 %&-line parsing enabled.
**braga_dissertacao_2019.tex
(./braga_dissertacao_2019.tex
LaTeX2e <2018-12-01>
(/home/kaue-novo/.TinyTeX/texmf-dist/tex/latex/abntex2/abntex2.cls
Document Class: abntex2 2018/11/24 v-1.9.7 abnTeX2
(/home/kaue-novo/.TinyTeX/texmf-dist/tex/latex/base/ifthen.sty
Package: ifthen 2014/09/29 v1.1c Standard LaTeX ifthen package (DPC)
) (/home/kaue-novo/.TinyTeX/texmf-dist/tex/latex/memoir/memoir.cls
Document Class: memoir 2018/12/12 v3.7h configurable book, report, article docu
ment class
\onelineskip=\skip41
\lxvchars=\skip42
\xlvchars=\skip43
\@memcnta=\count80
\c@@memmarkcntra=\count81
(/home/kaue-novo/.TinyTeX/texmf-dist/tex/generic/oberdiek/ifpdf.sty
Package: ifpdf 2018/09/07 v3.3 Provides the ifpdf switch
) (/home/kaue-novo/.TinyTeX/texmf-dist/tex/latex/ifetex/ifetex.sty
Package: ifetex 2018/03/31 v1.2a ifetex
(/home/kaue-novo/.TinyTeX/texmf-dist/tex/plain/ifetex/ifetex.tex)) (/home/kaue-
novo/.TinyTeX/texmf-dist/tex/generic/ifxetex/ifxetex.sty
Package: ifxetex 2010/09/12 v0.6 Provides ifxetex conditional
) (/home/kaue-novo/.TinyTeX/texmf-dist/tex/generic/oberdiek/ifluatex.sty
Package: ifluatex 2016/05/16 v1.4 Provides the ifluatex switch (HO)
Package ifluatex Info: LuaTeX not detected.
)
\stockheight=\skip44
\stockwidth=\skip45
\trimtop=\skip46
\trimedge=\skip47
(/home/kaue-novo/.TinyTeX/texmf-dist/tex/latex/base/fleqn.clo
File: fleqn.clo 2016/12/29 v1.2b Standard LaTeX option (flush left equations)
\mathindent=\dimen102
Applying: [2015/01/01] Make \[ robust on input line 50.
LaTeX Info: Redefining \[ on input line 51.
Already applied: [0000/00/00] Make \[ robust on input line 62.
Applying: [2015/01/01] Make \] robust on input line 74.
LaTeX Info: Redefining \] on input line 75.
Already applied: [0000/00/00] Make \] robust on input line 83.
) (/home/kaue-novo/.TinyTeX/texmf-dist/tex/latex/memoir/mem12.clo
File: mem12.clo 2010/10/19 v0.4b memoir class 12pt size option
)
\binding=\skip48
\spinemargin=\skip49
\foremargin=\skip50
\uppermargin=\skip51
\lowermargin=\skip52
\headdrop=\skip53
\normalrulethickness=\skip54
\mem@maxheadheight=\skip55
\mem@maxfootheight=\skip56
\headwidth=\skip57
\c@storedpagenumber=\count82
\memPD=\dimen103
\m@mabparskip=\skip58
\thanksmarkwidth=\skip59
\thanksmarksep=\skip60
\droptitle=\skip61
\c@book=\count83
\c@part=\count84
\c@chapter=\count85
\c@section=\count86
\c@subsection=\count87
\c@subsubsection=\count88
\c@paragraph=\count89
\c@subparagraph=\count90
\beforechapskip=\skip62
\midchapskip=\skip63
\afterchapskip=\skip64
\chapindent=\skip65
\bottomsectionskip=\skip66
\secindent=\skip67
\beforesecskip=\skip68
\aftersecskip=\skip69
\subsecindent=\skip70
\beforesubsecskip=\skip71
\aftersubsecskip=\skip72
\subsubsecindent=\skip73
\beforesubsubsecskip=\skip74
\aftersubsubsecskip=\skip75
\paraindent=\skip76
\beforeparaskip=\skip77
\afterparaskip=\skip78
\subparaindent=\skip79
\beforesubparaskip=\skip80
\aftersubparaskip=\skip81
\pfbreakskip=\skip82
\c@@ppsavesec=\count91
\c@@ppsaveapp=\count92
\ragrparindent=\dimen104
\everylistparindent=\dimen105
\parsepi=\skip83
\topsepi=\skip84
\itemsepi=\skip85
\parsepii=\skip86
\topsepii=\skip87
\topsepiii=\skip88
\itemsepii=\skip89
\itemsepiii=\skip90
\partopsepii=\skip91
\partopsepiii=\skip92
\m@msavetopsep=\skip93
\m@msavepartopsep=\skip94
\@enLab=\toks14
\abstitleskip=\skip95
\absleftindent=\skip96
\abs@leftindent=\dimen106
\absrightindent=\skip97
\absparindent=\skip98
\absparsep=\skip99
\c@vslineno=\count93
\c@poemline=\count94
\c@modulo@vs=\count95
\c@memfvsline=\count96
\vleftskip=\skip100
\vrightskip=\skip101
\stanzaskip=\skip102
\versewidth=\skip103
\vgap=\skip104
\vindent=\skip105
\vleftmargin=\dimen107
\c@verse=\count97
\c@chrsinstr=\count98
\beforepoemtitleskip=\skip106
\afterpoemtitleskip=\skip107
\c@poem=\count99
\beforePoemTitleskip=\skip108
\midPoemTitleskip=\skip109
\afterPoemTitleskip=\skip110
(/home/kaue-novo/.TinyTeX/texmf-dist/tex/latex/tools/array.sty
Package: array 2018/12/30 v2.4k Tabular extension package (FMi)
\col@sep=\dimen108
\ar@mcellbox=\box27
\extrarowheight=\dimen109
\NC@list=\toks15
\extratabsurround=\skip111
\backup@length=\skip112
\ar@cellbox=\box28
) (/home/kaue-novo/.TinyTeX/texmf-dist/tex/latex/tools/dcolumn.sty
Package: dcolumn 2014/10/28 v1.06 decimal alignment package (DPC)
) (/home/kaue-novo/.TinyTeX/texmf-dist/tex/latex/tools/delarray.sty
Package: delarray 2014/10/28 v1.01 array delimiter package (DPC)
) (/home/kaue-novo/.TinyTeX/texmf-dist/tex/latex/tools/tabularx.sty
Package: tabularx 2016/02/03 v2.11b `tabularx' package (DPC)
\TX@col@width=\dimen110
\TX@old@table=\dimen111
\TX@old@col=\dimen112
\TX@target=\dimen113
\TX@delta=\dimen114
\TX@cols=\count100
\TX@ftn=\toks16
)
\heavyrulewidth=\dimen115
\lightrulewidth=\dimen116
\cmidrulewidth=\dimen117
\belowrulesep=\dimen118
\belowbottomsep=\dimen119
\aboverulesep=\dimen120
\abovetopsep=\dimen121
\cmidrulesep=\dimen122
\cmidrulekern=\dimen123
\defaultaddspace=\dimen124
\@cmidla=\count101
\@cmidlb=\count102
\@aboverulesep=\dimen125
\@belowrulesep=\dimen126
\@thisruleclass=\count103
\@lastruleclass=\count104
\@thisrulewidth=\dimen127
\ctableftskip=\skip113
\ctabrightskip=\skip114
\abovecolumnspenalty=\count105
\@linestogo=\count106
\@cellstogo=\count107
\@cellsincolumn=\count108
\crtok=\toks17
\@mincolumnwidth=\dimen128
\c@newflo@tctr=\count109
\mem@margin@floatbox=\box29
\@contcwidth=\skip115
\@contindw=\skip116
\abovecaptionskip=\skip117
\belowcaptionskip=\skip118
\subfloattopskip=\skip119
\subfloatcapskip=\skip120
\subfloatcaptopadj=\skip121
\subfloatbottomskip=\skip122
\subfloatlabelskip=\skip123
\subfloatcapmargin=\dimen129
\c@@contsubnum=\count110
\m@mscap@capbox=\box30
\m@mscap@fbox=\box31
\sidecapsep=\dimen130
\sidecapwidth=\dimen131
\m@m@tempdima=\dimen132
\m@mscapraise=\dimen133
\sidecapraise=\dimen134
\m@mscapmainwidth=\dimen135
\m@mscaplkern=\dimen136
\beforeepigraphskip=\skip124
\afterepigraphskip=\skip125
\epigraphwidth=\skip126
\epigraphrule=\skip127
LaTeX Info: Redefining \em on input line 7592.
LaTeX Info: Redefining \emph on input line 7600.
\tocentryskip=\skip128
\tocbaseline=\skip129
\cftparskip=\skip130
\cftbeforebookskip=\skip131
\cftbookindent=\dimen137
\cftbooknumwidth=\dimen138
\cftbeforepartskip=\skip132
\cftpartindent=\skip133
\cftpartnumwidth=\skip134
\cftbeforechapterskip=\skip135
\cftchapterindent=\skip136
\cftchapternumwidth=\skip137
\cftbeforesectionskip=\skip138
\cftsectionindent=\skip139
\cftsectionnumwidth=\skip140
\cftbeforesubsectionskip=\skip141
\cftsubsectionindent=\skip142
\cftsubsectionnumwidth=\skip143
\cftbeforesubsubsectionskip=\skip144
\cftsubsubsectionindent=\skip145
\cftsubsubsectionnumwidth=\skip146
\cftbeforeparagraphskip=\skip147
\cftparagraphindent=\skip148
\cftparagraphnumwidth=\skip149
\cftbeforesubparagraphskip=\skip150
\cftsubparagraphindent=\skip151
\cftsubparagraphnumwidth=\skip152
\prechapterprecisshift=\dimen139
\c@maxsecnumdepth=\count111
\bibindent=\dimen140
\bibitemsep=\skip153
\indexcolsep=\skip154
\indexrule=\skip155
\indexmarkstyle=\toks18
\@indexbox=\insert199
\glossarycolsep=\dimen141
\glossaryrule=\dimen142
\sideparvshift=\skip156
\sideins=\insert198
\sidebartopsep=\skip157
\sidebarhsep=\skip158
\sidebarvsep=\skip159
\sidebarwidth=\skip160
\footmarkwidth=\skip161
\footmarksep=\skip162
\footparindent=\skip163
\footinsdim=\skip164
\footinsv@r=\insert197
\@mpfootinsv@r=\insert196
\m@m@k=\count112
\m@m@h=\dimen143
\m@mipn@skip=\skip165
\sidefootins=\insert195
\sidefootadjust=\skip166
\sidefootheight=\skip167
\sidefoothsep=\skip168
\sidefootvsep=\skip169
\sidefootwidth=\skip170
\m@mdownsf=\skip171
\c@sidefootnote=\count113
\sidefootmarkwidth=\skip172
\sidefootmarksep=\skip173
\sidefootparindent=\skip174
\c@pagenote=\count114
\c@pagenoteshadow=\count115
\mem@pn@lastkern=\skip175
\every@verbatim=\toks19
\afterevery@verbatim=\toks20
\verbatim@line=\toks21
\tab@position=\count116
\verbatim@in@stream=\read1
\verbatimindent=\skip176
\verbatim@out=\write3
\bvboxsep=\skip177
\c@memfbvline=\count117
\c@bvlinectr=\count118
\bvnumlength=\skip178
\fb@frw=\dimen144
\fb@frh=\dimen145
\FrameRule=\dimen146
\FrameSep=\dimen147
\c@cp@cntr=\count119
LaTeX Info: Redefining \: on input line 12114.
LaTeX Info: Redefining \! on input line 12116.
\c@ism@mctr=\count120
\c@xsm@mctr=\count121
\c@csm@mctr=\count122
\c@ksm@mctr=\count123
\c@xksm@mctr=\count124
\c@cksm@mctr=\count125
\c@msm@mctr=\count126
\c@xmsm@mctr=\count127
\c@cmsm@mctr=\count128
\c@bsm@mctr=\count129
\c@workm@mctr=\count130
\c@sheetsequence=\count131
\c@lastsheet=\count132
\c@lastpage=\count133
\c@figure=\count134
\c@lofdepth=\count135
\cftbeforefigureskip=\skip179
\cftfigureindent=\skip180
\cftfigurenumwidth=\skip181
\c@table=\count136
\c@lotdepth=\count137
\cftbeforetableskip=\skip182
\cfttableindent=\skip183
\cfttablenumwidth=\skip184
Package abstract [2008/07/23] emulated by memoir.
Package appendix [2008/07/23] emulated by memoir.
Package booktabs [2016/05/16] emulated by memoir.
Package ccaption [2008/07/23] emulated by memoir.
Package changepage [2008/07/23] emulated by memoir.
Package chngcntr [2008/07/23] emulated by memoir.
Package chngpage [2008/07/23] emulated by memoir.
Package crop emulated by memoir.
Package enumerate [2008/07/23] emulated by memoir.
Package epigraph [2008/07/23] emulated by memoir.
Package ifmtarg [2008/07/23] emulated by memoir.
Package index [2008/07/23] emulated by memoir.
Package makeidx [2008/07/23] emulated by memoir.
Package moreverb [2008/07/23] emulated by memoir.
Package mparhack [2008/07/23] emulated by memoir.
Package needspace [2008/07/23] emulated by memoir.
Package newfile [2008/07/23] emulated by memoir.
Package nextpage [2008/07/23] emulated by memoir.
Package pagenote [2008/07/23] emulated by memoir.
Package parskip [2008/07/23] emulated by memoir.
Package patchcmd [2008/07/23] emulated by memoir.
Package setspace [2008/07/23] emulated by memoir.
Package shortvrb [2008/07/23] emulated by memoir.
Package showidx [2008/07/23] emulated by memoir.
Package titleref [2008/07/23] emulated by memoir.
Package titling [2008/07/23] emulated by memoir.
Package tocbibind [2008/07/23] emulated by memoir.
Package tocloft [2008/07/23] emulated by memoir.
Package tocvsec2 [2008/07/23] emulated by memoir.
Package verbatim [2008/07/23] emulated by memoir.
Package verse [2008/07/23] emulated by memoir.
) (/home/kaue-novo/.TinyTeX/texmf-dist/tex/latex/textcase/textcase.sty
Package: textcase 2004/10/07 v0.07 Text only upper/lower case changing (DPC)
LaTeX Info: Redefining \MakeTextUppercase on input line 47.
LaTeX Info: Redefining \MakeTextLowercase on input line 50.
) (/home/kaue-novo/.TinyTeX/texmf-dist/tex/latex/hyperref/hyperref.sty
Package: hyperref 2018/11/30 v6.88e Hypertext links for LaTeX
(/home/kaue-novo/.TinyTeX/texmf-dist/tex/generic/oberdiek/hobsub-hyperref.sty
Package: hobsub-hyperref 2016/05/16 v1.14 Bundle oberdiek, subset hyperref (HO)

(/home/kaue-novo/.TinyTeX/texmf-dist/tex/generic/oberdiek/hobsub-generic.sty
Package: hobsub-generic 2016/05/16 v1.14 Bundle oberdiek, subset generic (HO)
Package: hobsub 2016/05/16 v1.14 Construct package bundles (HO)
Package: infwarerr 2016/05/16 v1.4 Providing info/warning/error messages (HO)
Package: ltxcmds 2016/05/16 v1.23 LaTeX kernel commands for general use (HO)
Package hobsub Info: Skipping package `ifluatex' (already loaded).
Package: ifvtex 2016/05/16 v1.6 Detect VTeX and its facilities (HO)
Package ifvtex Info: VTeX not detected.
Package: intcalc 2016/05/16 v1.2 Expandable calculations with integers (HO)
Package hobsub Info: Skipping package `ifpdf' (already loaded).
Package: etexcmds 2016/05/16 v1.6 Avoid name clashes with e-TeX commands (HO)
Package: kvsetkeys 2016/05/16 v1.17 Key value parser (HO)
Package: kvdefinekeys 2016/05/16 v1.4 Define keys (HO)
Package: pdftexcmds 2018/09/10 v0.29 Utility functions of pdfTeX for LuaTeX (HO
)
Package pdftexcmds Info: LuaTeX not detected.
Package pdftexcmds Info: \pdf@primitive is available.
Package pdftexcmds Info: \pdf@ifprimitive is available.
Package pdftexcmds Info: \pdfdraftmode found.
Package: pdfescape 2016/05/16 v1.14 Implements pdfTeX's escape features (HO)
Package: bigintcalc 2016/05/16 v1.4 Expandable calculations on big integers (HO
)
Package: bitset 2016/05/16 v1.2 Handle bit-vector datatype (HO)
Package: uniquecounter 2016/05/16 v1.3 Provide unlimited unique counter (HO)
)
Package hobsub Info: Skipping package `hobsub' (already loaded).
Package: letltxmacro 2016/05/16 v1.5 Let assignment for LaTeX macros (HO)
Package: hopatch 2016/05/16 v1.3 Wrapper for package hooks (HO)
Package: xcolor-patch 2016/05/16 xcolor patch
Package: atveryend 2016/05/16 v1.9 Hooks at the very end of document (HO)
Package atveryend Info: \enddocument detected (standard20110627).
Package: atbegshi 2016/06/09 v1.18 At begin shipout hook (HO)
Package: refcount 2016/05/16 v3.5 Data extraction from label references (HO)
Package: hycolor 2016/05/16 v1.8 Color options for hyperref/bookmark (HO)
) (/home/kaue-novo/.TinyTeX/texmf-dist/tex/latex/graphics/keyval.sty
Package: keyval 2014/10/28 v1.15 key=value parser (DPC)
\KV@toks@=\toks22
) (/home/kaue-novo/.TinyTeX/texmf-dist/tex/latex/oberdiek/auxhook.sty
Package: auxhook 2016/05/16 v1.4 Hooks for auxiliary files (HO)
) (/home/kaue-novo/.TinyTeX/texmf-dist/tex/latex/oberdiek/kvoptions.sty
Package: kvoptions 2016/05/16 v3.12 Key value format for package options (HO)
)
\@linkdim=\dimen148
\Hy@linkcounter=\count138
\Hy@pagecounter=\count139
(/home/kaue-novo/.TinyTeX/texmf-dist/tex/latex/hyperref/pd1enc.def
File: pd1enc.def 2018/11/30 v6.88e Hyperref: PDFDocEncoding definition (HO)
Now handling font encoding PD1 ...
... no UTF-8 mapping file for font encoding PD1
)
\Hy@SavedSpaceFactor=\count140
(/home/kaue-novo/.TinyTeX/texmf-dist/tex/latex/latexconfig/hyperref.cfg
File: hyperref.cfg 2002/06/06 v1.2 hyperref configuration of TeXLive
)
Package hyperref Info: Hyper figures OFF on input line 4519.
Package hyperref Info: Link nesting OFF on input line 4524.
Package hyperref Info: Hyper index ON on input line 4527.
Package hyperref Info: Plain pages OFF on input line 4534.
Package hyperref Info: Backreferencing OFF on input line 4539.
Package hyperref Info: Implicit mode ON; LaTeX internals redefined.
Package hyperref Info: Bookmarks ON on input line 4772.
\c@Hy@tempcnt=\count141
(/home/kaue-novo/.TinyTeX/texmf-dist/tex/latex/url/url.sty
\Urlmuskip=\muskip10
Package: url 2013/09/16  ver 3.4  Verb mode for urls, etc.
)
LaTeX Info: Redefining \url on input line 5125.
\XeTeXLinkMargin=\dimen149
\Fld@menulength=\count142
\Field@Width=\dimen150
\Fld@charsize=\dimen151
Package hyperref Info: Hyper figures OFF on input line 6380.
Package hyperref Info: Link nesting OFF on input line 6385.
Package hyperref Info: Hyper index ON on input line 6388.
Package hyperref Info: backreferencing OFF on input line 6395.
Package hyperref Info: Link coloring OFF on input line 6400.
Package hyperref Info: Link coloring with OCG OFF on input line 6405.
Package hyperref Info: PDF/A mode OFF on input line 6410.
LaTeX Info: Redefining \ref on input line 6450.
LaTeX Info: Redefining \pageref on input line 6454.
\Hy@abspage=\count143
\c@Item=\count144
\c@Hfootnote=\count145
) (/home/kaue-novo/.TinyTeX/texmf-dist/tex/latex/memoir/memhfixc.sty
Package: memhfixc 2013/05/30 v1.17 nameref/hyperref package fixes for memoir cl
ass
\c@memhycontfloat=\count146
\c@Hpagenote=\count147
)
Package hyperref Info: Driver (autodetected): hpdftex.
(/home/kaue-novo/.TinyTeX/texmf-dist/tex/latex/hyperref/hpdftex.def
File: hpdftex.def 2018/11/30 v6.88e Hyperref driver for pdfTeX
\Fld@listcount=\count148
\c@bookmark@seq@number=\count149
(/home/kaue-novo/.TinyTeX/texmf-dist/tex/latex/oberdiek/rerunfilecheck.sty
Package: rerunfilecheck 2016/05/16 v1.8 Rerun checks for auxiliary files (HO)
Package uniquecounter Info: New unique counter `rerunfilecheck' on input line 2
82.
)
\Hy@SectionHShift=\skip185
) (/home/kaue-novo/.TinyTeX/texmf-dist/tex/latex/oberdiek/bookmark.sty
Package: bookmark 2016/05/17 v1.26 PDF bookmarks (HO)
(/home/kaue-novo/.TinyTeX/texmf-dist/tex/latex/oberdiek/bkm-pdftex.def
File: bkm-pdftex.def 2016/05/17 v1.26 bookmark driver for pdfTeX (HO)
\BKM@id=\count150
)) (/home/kaue-novo/.TinyTeX/texmf-dist/tex/generic/babel/babel.sty
Package: babel 2019/07/19 3.33 The Babel package
(/home/kaue-novo/.TinyTeX/texmf-dist/tex/generic/babel/switch.def
File: switch.def 2019/07/19 3.33 Babel switching mechanism
) (/home/kaue-novo/.TinyTeX/texmf-dist/tex/generic/babel-portuges/portuges.ldf
Language: portuges 2008/03/18 v1.2q Portuguese support from the babel system
(/home/kaue-novo/.TinyTeX/texmf-dist/tex/generic/babel/babel.def
File: babel.def 2019/07/19 3.33 Babel common definitions
\babel@savecnt=\count151
\U@D=\dimen152
(/home/kaue-novo/.TinyTeX/texmf-dist/tex/generic/babel/txtbabel.def)
\bbl@dirlevel=\count152
)
\l@brazil = a dialect from \language\l@portuges 
Package babel Info: Making " an active character on input line 145.
)) (/home/kaue-novo/.TinyTeX/texmf-dist/tex/latex/enumitem/enumitem.sty
Package: enumitem 2019/06/20 v3.9 Customized lists
\labelindent=\skip186
\enit@outerparindent=\dimen153
\enit@toks=\toks23
\enit@inbox=\box32
\enit@count@id=\count153
\enitdp@description=\count154
) (/home/kaue-novo/.TinyTeX/texmf-dist/tex/latex/tools/calc.sty
Package: calc 2017/05/25 v4.3 Infix arithmetic (KKT,FJ)
\calc@Acount=\count155
\calc@Bcount=\count156
\calc@Adimen=\dimen154
\calc@Bdimen=\dimen155
\calc@Askip=\skip187
\calc@Bskip=\skip188
LaTeX Info: Redefining \setlength on input line 80.
LaTeX Info: Redefining \addtolength on input line 81.
\calc@Ccount=\count157
\calc@Cskip=\skip189
)

******************************************************
Stock height and width: 845.04684pt by 597.50787pt
Top and edge trims: 0pt and 0pt
Page height and width: 845.04684pt by 597.50787pt
Text height and width: 708pt by 455pt
Spine and edge margins: 85.35826pt and 56.9055pt
Upper and lower margins: 85.35826pt and 51.68858pt
Headheight and headsep: 14.5pt and 19.8738pt
Footskip: 30pt
Columnsep and columnseprule: 10pt and 0pt
Marginparsep and marginparwidth: 7pt and 42.9055pt
Sidecapsep and sidecapwidth: 7pt and 42pt
Sidebarhsep and sidebarwidth: 7pt and 42pt
Sidebarvsep and sidebartopsep: 14.5pt and 0pt
Sidebarheight: 590.14995pt
Sidefoothsep and sidefootwidth: 7pt and 42pt
Sidefootvsep and sidefootheight: 14.5pt and 590.14995pt
******************************************************

\c@abntex@bookmarkcounter=\count158
\cftlastnumwidth=\skip190
\chapternamenumlength=\skip191
\ABNTEXcitacaorecuo=\skip192
\c@alineasi=\count159
\c@alineasii=\count160
\enitdp@alineas=\count161
\c@subalineasi=\count162
\enitdp@subalineas=\count163
\c@incisosi=\count164
\enitdp@incisos=\count165
\ABNTEXsignwidth=\skip193
\ABNTEXsignthickness=\skip194
\ABNTEXsignskip=\skip256
) (./lib/preambulo.tex (/home/kaue-novo/.TinyTeX/texmf-dist/tex/latex/base/inpu
tenc.sty
Package: inputenc 2018/08/11 v1.3c Input encoding file
\inpenc@prehook=\toks24
\inpenc@posthook=\toks25
) (/home/kaue-novo/.TinyTeX/texmf-dist/tex/latex/base/fontenc.sty
Package: fontenc 2018/08/11 v2.0j Standard LaTeX package
(/home/kaue-novo/.TinyTeX/texmf-dist/tex/latex/base/t1enc.def
File: t1enc.def 2018/08/11 v2.0j Standard LaTeX file
LaTeX Font Info:    Redeclaring font encoding T1 on input line 48.
)) (/home/kaue-novo/.TinyTeX/texmf-dist/tex/latex/graphics/graphicx.sty
Package: graphicx 2017/06/01 v1.1a Enhanced LaTeX Graphics (DPC,SPQR)
(/home/kaue-novo/.TinyTeX/texmf-dist/tex/latex/graphics/graphics.sty
Package: graphics 2017/06/25 v1.2c Standard LaTeX Graphics (DPC,SPQR)
(/home/kaue-novo/.TinyTeX/texmf-dist/tex/latex/graphics/trig.sty
Package: trig 2016/01/03 v1.10 sin cos tan (DPC)
) (/home/kaue-novo/.TinyTeX/texmf-dist/tex/latex/graphics-cfg/graphics.cfg
File: graphics.cfg 2016/06/04 v1.11 sample graphics configuration
)
Package graphics Info: Driver file: pdftex.def on input line 99.
(/home/kaue-novo/.TinyTeX/texmf-dist/tex/latex/graphics-def/pdftex.def
File: pdftex.def 2018/01/08 v1.0l Graphics/color driver for pdftex
))
\Gin@req@height=\dimen156
\Gin@req@width=\dimen157
) (/home/kaue-novo/.TinyTeX/texmf-dist/tex/latex/amsfonts/amsfonts.sty
Package: amsfonts 2013/01/14 v3.01 Basic AMSFonts support
\@emptytoks=\toks26
\symAMSa=\mathgroup4
\symAMSb=\mathgroup5
LaTeX Font Info:    Overwriting math alphabet `\mathfrak' in version `bold'
(Font)                  U/euf/m/n --> U/euf/b/n on input line 106.
) (/home/kaue-novo/.TinyTeX/texmf-dist/tex/latex/amsfonts/amssymb.sty
Package: amssymb 2013/01/14 v3.01 AMS font symbols
) (/home/kaue-novo/.TinyTeX/texmf-dist/tex/latex/amsmath/amsmath.sty
Package: amsmath 2018/12/01 v2.17b AMS math features
\@mathmargin=\skip257
For additional information on amsmath, use the `?' option.
(/home/kaue-novo/.TinyTeX/texmf-dist/tex/latex/amsmath/amstext.sty
Package: amstext 2000/06/29 v2.01 AMS text
(/home/kaue-novo/.TinyTeX/texmf-dist/tex/latex/amsmath/amsgen.sty
File: amsgen.sty 1999/11/30 v2.0 generic functions
\@emptytoks=\toks27
\ex@=\dimen158
)) (/home/kaue-novo/.TinyTeX/texmf-dist/tex/latex/amsmath/amsbsy.sty
Package: amsbsy 1999/11/29 v1.2d Bold Symbols
\pmbraise@=\dimen159
) (/home/kaue-novo/.TinyTeX/texmf-dist/tex/latex/amsmath/amsopn.sty
Package: amsopn 2016/03/08 v2.02 operator names
)
\inf@bad=\count166
LaTeX Info: Redefining \frac on input line 223.
\uproot@=\count167
\leftroot@=\count168
LaTeX Info: Redefining \overline on input line 385.
\classnum@=\count169
\DOTSCASE@=\count170
LaTeX Info: Redefining \ldots on input line 482.
LaTeX Info: Redefining \dots on input line 485.
LaTeX Info: Redefining \cdots on input line 606.
\Mathstrutbox@=\box33
\strutbox@=\box34
\big@size=\dimen160
LaTeX Font Info:    Redeclaring font encoding OML on input line 729.
LaTeX Font Info:    Redeclaring font encoding OMS on input line 730.
\macc@depth=\count171
\c@MaxMatrixCols=\count172
\dotsspace@=\muskip11
\c@parentequation=\count173
\dspbrk@lvl=\count174
\tag@help=\toks28
\row@=\count175
\column@=\count176
\maxfields@=\count177
\andhelp@=\toks29
\eqnshift@=\dimen161
\alignsep@=\dimen162
\tagshift@=\dimen163
\tagwidth@=\dimen164
\totwidth@=\dimen165
\lineht@=\dimen166
\@envbody=\toks30
\multlinegap=\skip258
\multlinetaggap=\skip259
\mathdisplay@stack=\toks31
LaTeX Info: Redefining \[ on input line 2844.
LaTeX Info: Redefining \] on input line 2845.
) (/home/kaue-novo/.TinyTeX/texmf-dist/tex/latex/multirow/multirow.sty
Package: multirow 2019/05/31 v2.5 Span multiple rows of a table
\multirow@colwidth=\skip260
\multirow@cntb=\count178
\multirow@dima=\skip261
\bigstrutjot=\dimen167
) (/home/kaue-novo/.TinyTeX/texmf-dist/tex/latex/tools/indentfirst.sty
Package: indentfirst 1995/11/23 v1.03 Indent first paragraph (DPC)
) (/home/kaue-novo/.TinyTeX/texmf-dist/tex/latex/listings/listings.sty
\lst@mode=\count179
\lst@gtempboxa=\box35
\lst@token=\toks32
\lst@length=\count180
\lst@currlwidth=\dimen168
\lst@column=\count181
\lst@pos=\count182
\lst@lostspace=\dimen169
\lst@width=\dimen170
\lst@newlines=\count183
\lst@lineno=\count184
\lst@maxwidth=\dimen171
(/home/kaue-novo/.TinyTeX/texmf-dist/tex/latex/listings/lstmisc.sty
File: lstmisc.sty 2019/02/27 1.8b (Carsten Heinz)
\c@lstnumber=\count185
\lst@skipnumbers=\count186
\lst@framebox=\box36
) (/home/kaue-novo/.TinyTeX/texmf-dist/tex/latex/listings/listings.cfg
File: listings.cfg 2019/02/27 1.8b listings configuration
))
Package: listings 2019/02/27 1.8b (Carsten Heinz)
(/home/kaue-novo/.TinyTeX/texmf-dist/tex/latex/xcolor/xcolor.sty
Package: xcolor 2016/05/11 v2.12 LaTeX color extensions (UK)
(/home/kaue-novo/.TinyTeX/texmf-dist/tex/latex/graphics-cfg/color.cfg
File: color.cfg 2016/01/02 v1.6 sample color configuration
)
Package xcolor Info: Driver file: pdftex.def on input line 225.
Package xcolor Info: Model `cmy' substituted by `cmy0' on input line 1348.
Package xcolor Info: Model `hsb' substituted by `rgb' on input line 1352.
Package xcolor Info: Model `RGB' extended on input line 1364.
Package xcolor Info: Model `HTML' substituted by `rgb' on input line 1366.
Package xcolor Info: Model `Hsb' substituted by `hsb' on input line 1367.
Package xcolor Info: Model `tHsb' substituted by `hsb' on input line 1368.
Package xcolor Info: Model `HSB' substituted by `hsb' on input line 1369.
Package xcolor Info: Model `Gray' substituted by `gray' on input line 1370.
Package xcolor Info: Model `wave' substituted by `hsb' on input line 1371.
) (/home/kaue-novo/.TinyTeX/texmf-dist/tex/latex/microtype/microtype.sty
Package: microtype 2019/02/28 v2.7b Micro-typographical refinements (RS)
\MT@toks=\toks33
\MT@count=\count187
LaTeX Info: Redefining \textls on input line 790.
\MT@outer@kern=\dimen172
LaTeX Info: Redefining \textmicrotypecontext on input line 1336.
\MT@listname@count=\count188
(/home/kaue-novo/.TinyTeX/texmf-dist/tex/latex/microtype/microtype-pdftex.def
File: microtype-pdftex.def 2019/02/28 v2.7b Definitions specific to pdftex (RS)

LaTeX Info: Redefining \lsstyle on input line 914.
LaTeX Info: Redefining \lslig on input line 914.
\MT@outer@space=\skip262
)
Package microtype Info: Loading configuration file microtype.cfg.
(/home/kaue-novo/.TinyTeX/texmf-dist/tex/latex/microtype/microtype.cfg
File: microtype.cfg 2019/02/28 v2.7b microtype main configuration file (RS)
)) (/home/kaue-novo/.TinyTeX/texmf-dist/tex/latex/algorithm2e/algorithm2e.sty
Package: algorithm2e 2017/07/18 v5.2 algorithms environments
\c@AlgoLine=\count189
\algocf@hangindent=\skip263
(/home/kaue-novo/.TinyTeX/texmf-dist/tex/latex/ifoddpage/ifoddpage.sty
Package: ifoddpage 2016/04/23 v1.1 Conditionals for odd/even page detection
\c@checkoddpage=\count190
LaTeX Info: Redefining \checkoddpage on input line 45.
) (/home/kaue-novo/.TinyTeX/texmf-dist/tex/latex/tools/xspace.sty
Package: xspace 2014/10/28 v1.13 Space after command names (DPC,MH)
) (/home/kaue-novo/.TinyTeX/texmf-dist/tex/latex/relsize/relsize.sty
Package: relsize 2013/03/29 ver 4.1
)
\skiptotal=\skip264
\skiplinenumber=\skip265
\skiprule=\skip266
\skiphlne=\skip267
\skiptext=\skip268
\skiplength=\skip269
\algomargin=\skip270
\skipalgocfslide=\skip271
\algowidth=\dimen173
\inoutsize=\dimen174
\inoutindent=\dimen175
\interspacetitleruled=\dimen176
\interspacealgoruled=\dimen177
\interspacetitleboxruled=\dimen178
\algocf@ruledwidth=\skip272
\algocf@inoutbox=\box37
\algocf@inputbox=\box38
\AlCapSkip=\skip273
\AlCapHSkip=\skip274
\algoskipindent=\skip275
\algocf@nlbox=\box39
\algocf@hangingbox=\box40
\algocf@untilbox=\box41
\algocf@skipuntil=\skip276
\algocf@capbox=\box42
\algocf@lcaptionbox=\skip277
\algoheightruledefault=\skip278
\algoheightrule=\skip279
\algotitleheightruledefault=\skip280
\algotitleheightrule=\skip281
\c@algocfline=\count191
\c@algocfproc=\count192
\c@algocf=\count193
\algocf@algoframe=\box43
\algocf@algobox=\box44
) (/home/kaue-novo/.TinyTeX/texmf-dist/tex/latex/algorithms/algorithmic.sty
Package: algorithmic 2009/08/24 v0.1 Document Style `algorithmic'
\c@ALC@unique=\count194
\c@ALC@line=\count266
\c@ALC@rem=\count267
\c@ALC@depth=\count268
\ALC@tlm=\skip282
\algorithmicindent=\skip283
) (/home/kaue-novo/.TinyTeX/texmf-dist/tex/latex/lipsum/lipsum.sty (/home/kaue-
novo/.TinyTeX/texmf-dist/tex/latex/l3kernel/expl3.sty
Package: expl3 2019-07-01 L3 programming layer (loader) 
(/home/kaue-novo/.TinyTeX/texmf-dist/tex/latex/l3kernel/expl3-code.tex
Package: expl3 2019-07-01 L3 programming layer (code)
\c_max_int=\count269
\l_tmpa_int=\count270
\l_tmpb_int=\count271
\g_tmpa_int=\count272
\g_tmpb_int=\count273
\g__kernel_prg_map_int=\count274
\c__ior_term_ior=\count275
\c_log_iow=\count276
\l_iow_line_count_int=\count277
\l__iow_line_target_int=\count278
\l__iow_one_indent_int=\count279
\l__iow_indent_int=\count280
\c_zero_dim=\dimen179
\c_max_dim=\dimen180
\l_tmpa_dim=\dimen181
\l_tmpb_dim=\dimen182
\g_tmpa_dim=\dimen183
\g_tmpb_dim=\dimen184
\c_zero_skip=\skip284
\c_max_skip=\skip285
\l_tmpa_skip=\skip286
\l_tmpb_skip=\skip287
\g_tmpa_skip=\skip288
\g_tmpb_skip=\skip289
\c_zero_muskip=\muskip12
\c_max_muskip=\muskip13
\l_tmpa_muskip=\muskip14
\l_tmpb_muskip=\muskip15
\g_tmpa_muskip=\muskip16
\g_tmpb_muskip=\muskip17
\l_keys_choice_int=\count281
\l__intarray_loop_int=\count282
\c__intarray_sp_dim=\dimen185
\g__intarray_font_int=\count283
\c__fp_leading_shift_int=\count284
\c__fp_middle_shift_int=\count285
\c__fp_trailing_shift_int=\count286
\c__fp_big_leading_shift_int=\count287
\c__fp_big_middle_shift_int=\count288
\c__fp_big_trailing_shift_int=\count289
\c__fp_Bigg_leading_shift_int=\count290
\c__fp_Bigg_middle_shift_int=\count291
\c__fp_Bigg_trailing_shift_int=\count292
\c__kernel_randint_max_int=\count293
\g__fp_array_int=\count294
\l__fp_array_loop_int=\count295
\l__sort_length_int=\count296
\l__sort_min_int=\count297
\l__sort_top_int=\count298
\l__sort_max_int=\count299
\l__sort_true_max_int=\count300
\l__sort_block_int=\count301
\l__sort_begin_int=\count302
\l__sort_end_int=\count303
\l__sort_A_int=\count304
\l__sort_B_int=\count305
\l__sort_C_int=\count306
\l__str_internal_int=\count307
\c__str_replacement_char_int=\count308
\l__tl_analysis_normal_int=\count309
\l__tl_analysis_index_int=\count310
\l__tl_analysis_nesting_int=\count311
\l__tl_analysis_type_int=\count312
\l__regex_internal_a_int=\count313
\l__regex_internal_b_int=\count314
\l__regex_internal_c_int=\count315
\l__regex_balance_int=\count316
\l__regex_group_level_int=\count317
\l__regex_mode_int=\count318
\c__regex_cs_in_class_mode_int=\count319
\c__regex_cs_mode_int=\count320
\l__regex_catcodes_int=\count321
\l__regex_default_catcodes_int=\count322
\c__regex_catcode_D_int=\count323
\c__regex_catcode_S_int=\count324
\c__regex_catcode_L_int=\count325
\c__regex_catcode_O_int=\count326
\c__regex_catcode_A_int=\count327
\c__regex_all_catcodes_int=\count328
\l__regex_show_lines_int=\count329
\l__regex_min_state_int=\count330
\l__regex_max_state_int=\count331
\l__regex_left_state_int=\count332
\l__regex_right_state_int=\count333
\l__regex_capturing_group_int=\count334
\l__regex_min_pos_int=\count335
\l__regex_max_pos_int=\count336
\l__regex_curr_pos_int=\count337
\l__regex_start_pos_int=\count338
\l__regex_success_pos_int=\count339
\l__regex_curr_char_int=\count340
\l__regex_curr_catcode_int=\count341
\l__regex_last_char_int=\count342
\l__regex_case_changed_char_int=\count343
\l__regex_curr_state_int=\count344
\l__regex_step_int=\count345
\l__regex_min_active_int=\count346
\l__regex_max_active_int=\count347
\l__regex_replacement_csnames_int=\count348
\l__regex_match_count_int=\count349
\l__regex_min_submatch_int=\count350
\l__regex_submatch_int=\count351
\l__regex_zeroth_submatch_int=\count352
\g__regex_trace_regex_int=\count353
\c_empty_box=\box45
\l_tmpa_box=\box46
\l_tmpb_box=\box47
\g_tmpa_box=\box48
\g_tmpb_box=\box49
\l__box_top_dim=\dimen186
\l__box_bottom_dim=\dimen187
\l__box_left_dim=\dimen188
\l__box_right_dim=\dimen189
\l__box_top_new_dim=\dimen190
\l__box_bottom_new_dim=\dimen191
\l__box_left_new_dim=\dimen192
\l__box_right_new_dim=\dimen193
\l__box_internal_box=\box50
\l__coffin_internal_box=\box51
\l__coffin_internal_dim=\dimen194
\l__coffin_offset_x_dim=\dimen256
\l__coffin_offset_y_dim=\dimen257
\l__coffin_x_dim=\dimen258
\l__coffin_y_dim=\dimen259
\l__coffin_x_prime_dim=\dimen260
\l__coffin_y_prime_dim=\dimen261
\c_empty_coffin=\box52
\l__coffin_aligned_coffin=\box53
\l__coffin_aligned_internal_coffin=\box54
\l_tmpa_coffin=\box55
\l_tmpb_coffin=\box56
\g_tmpa_coffin=\box57
\g_tmpb_coffin=\box58
\l__coffin_bounding_shift_dim=\dimen262
\l__coffin_left_corner_dim=\dimen263
\l__coffin_right_corner_dim=\dimen264
\l__coffin_bottom_corner_dim=\dimen265
\l__coffin_top_corner_dim=\dimen266
\l__coffin_scaled_total_height_dim=\dimen267
\l__coffin_scaled_width_dim=\dimen268
\c__coffin_empty_coffin=\box59
\l__coffin_display_coffin=\box60
\l__coffin_display_coord_coffin=\box61
\l__coffin_display_pole_coffin=\box62
\l__coffin_display_offset_dim=\dimen269
\l__coffin_display_x_dim=\dimen270
\l__coffin_display_y_dim=\dimen271
\g__file_internal_ior=\read2
\l__seq_internal_a_int=\count354
\l__seq_internal_b_int=\count355
\c__deprecation_minus_one=\count356
) (/home/kaue-novo/.TinyTeX/texmf-dist/tex/latex/l3backend/l3backend-pdfmode.de
f
File: l3backend-pdfmode.def 2019-04-06 v L3 Experimental backend support: PDF m
ode
\l__kernel_color_stack_int=\count357
\l__pdf_internal_box=\box63
)) (/home/kaue-novo/.TinyTeX/texmf-dist/tex/latex/l3packages/xparse/xparse.sty
Package: xparse 2019-05-28 L3 Experimental document command parser
\l__xparse_current_arg_int=\count358
\g__xparse_grabber_int=\count359
\l__xparse_m_args_int=\count360
\l__xparse_v_nesting_int=\count361
)
Package: lipsum 2019/01/02 v2.2 150 paragraphs of Lorem Ipsum dummy text
(/home/kaue-novo/.TinyTeX/texmf-dist/tex/latex/lipsum/lipsum.ltd.tex
File: lipsum.ltd.tex 2019/01/02 v2.2 The Lorem ipsum dummy text
)) (/home/kaue-novo/.TinyTeX/texmf-dist/tex/latex/etoolbox/etoolbox.sty
Package: etoolbox 2018/08/19 v2.5f e-TeX tools for LaTeX (JAW)
\etb@tempcnta=\count362
) (/home/kaue-novo/.TinyTeX/texmf-dist/tex/latex/glossaries/base/glossaries.sty
Package: glossaries 2019/01/06 v4.42 (NLCT)
(/home/kaue-novo/.TinyTeX/texmf-dist/tex/latex/xkeyval/xkeyval.sty
Package: xkeyval 2014/12/03 v2.7a package option processing (HA)
(/home/kaue-novo/.TinyTeX/texmf-dist/tex/generic/xkeyval/xkeyval.tex (/home/kau
e-novo/.TinyTeX/texmf-dist/tex/generic/xkeyval/xkvutils.tex
\XKV@toks=\toks34
\XKV@tempa@toks=\toks35
)
\XKV@depth=\count363
File: xkeyval.tex 2014/12/03 v2.7a key=value parser (HA)
)) (/home/kaue-novo/.TinyTeX/texmf-dist/tex/latex/mfirstuc/mfirstuc.sty
Package: mfirstuc 2017/11/14 v2.06 (NLCT)
\@glsmfirst=\toks36
\@glsmrest=\toks37
) (/home/kaue-novo/.TinyTeX/texmf-dist/tex/latex/xfor/xfor.sty
Package: xfor 2009/02/05 v1.05 (NLCT)
) (/home/kaue-novo/.TinyTeX/texmf-dist/tex/latex/datatool/datatool-base.sty
Package: datatool-base 2018/12/07 v2.31 (NLCT)
(/home/kaue-novo/.TinyTeX/texmf-dist/tex/latex/substr/substr.sty
Package: substr 2009/10/20 v1.2 Handle substrings
\c@su@anzahl=\count364
) (/home/kaue-novo/.TinyTeX/texmf-dist/tex/latex/datatool/datatool-fp.sty
Package: datatool-fp 2018/12/07 v2.31 (NLCT)
(/home/kaue-novo/.TinyTeX/texmf-dist/tex/latex/fp/fp.sty
Package: fp 1995/04/02
`Fixed Point Package', Version 0.8, April 2, 1995 (C) Michael Mehlich (/home/ka
ue-novo/.TinyTeX/texmf-dist/tex/latex/fp/defpattern.sty
Package: defpattern 1994/10/12
\actioncount=\count365
) (/home/kaue-novo/.TinyTeX/texmf-dist/tex/latex/fp/fp-basic.sty
Package: fp-basic 1996/05/13
\FP@xs=\count366
\FP@xia=\count367
\FP@xib=\count368
\FP@xfa=\count369
\FP@xfb=\count370
\FP@rega=\count371
\FP@regb=\count372
\FP@regs=\count373
\FP@times=\count374
) (/home/kaue-novo/.TinyTeX/texmf-dist/tex/latex/fp/fp-addons.sty
Package: fp-addons 1995/03/15
) (/home/kaue-novo/.TinyTeX/texmf-dist/tex/latex/fp/fp-snap.sty
Package: fp-snap 1995/04/05
) (/home/kaue-novo/.TinyTeX/texmf-dist/tex/latex/fp/fp-exp.sty
Package: fp-exp 1995/04/03
) (/home/kaue-novo/.TinyTeX/texmf-dist/tex/latex/fp/fp-trigo.sty
Package: fp-trigo 1995/04/14
) (/home/kaue-novo/.TinyTeX/texmf-dist/tex/latex/fp/fp-pas.sty
Package: fp-pas 1994/08/29
) (/home/kaue-novo/.TinyTeX/texmf-dist/tex/latex/fp/fp-random.sty
Package: fp-random 1995/02/23
\FPseed=\count375
) (/home/kaue-novo/.TinyTeX/texmf-dist/tex/latex/fp/fp-eqn.sty
Package: fp-eqn 1995/04/03
) (/home/kaue-novo/.TinyTeX/texmf-dist/tex/latex/fp/fp-upn.sty
Package: fp-upn 1996/10/21
) (/home/kaue-novo/.TinyTeX/texmf-dist/tex/latex/fp/fp-eval.sty
Package: fp-eval 1995/04/03
)))
\@dtl@toks=\toks38
\@dtl@tmpcount=\count376
\dtl@tmplength=\skip290
\dtl@sortresult=\count377
\@dtl@numgrpsepcount=\count378
\@dtl@datatype=\count379
\dtl@codeA=\count380
\dtl@codeB=\count381
\@dtl@foreach@level=\count382
)
(/home/kaue-novo/.TinyTeX/texmf-dist/tex/latex/glossaries/base/glossaries-compa
tible-307.sty
Package: glossaries-compatible-307 2019/01/06 v4.42 (NLCT)
) (/home/kaue-novo/.TinyTeX/texmf-dist/tex/latex/tracklang/tracklang.sty
Package: tracklang 2018/05/13 v1.3.6 (NLCT) Track Languages
(/home/kaue-novo/.TinyTeX/texmf-dist/tex/generic/tracklang/tracklang.tex))

Package glossaries Warning: No language module detected for `english'.
(glossaries)                Language modules need to be installed separately.
(glossaries)                Please check on CTAN for a bundle called
(glossaries)                `glossaries-english' or similar.


Package glossaries Warning: No language module detected for `spanish'.
(glossaries)                Language modules need to be installed separately.
(glossaries)                Please check on CTAN for a bundle called
(glossaries)                `glossaries-spanish' or similar.


Package glossaries Warning: No language module detected for `brazil'.
(glossaries)                Language modules need to be installed separately.
(glossaries)                Please check on CTAN for a bundle called
(glossaries)                `glossaries-portuges' or similar.

\gls@level=\count383
\@gls@tmpb=\toks39
\gls@tmplen=\skip291

Package glossaries Warning: Overriding \printglossary on input line 5822.


Package glossaries Warning: Overriding `theglossary' environment on input line 
6412.

\glskeylisttok=\toks40
\glslabeltok=\toks41
\glsshorttok=\toks42
\glslongtok=\toks43

(/home/kaue-novo/.TinyTeX/texmf-dist/tex/latex/glossaries/styles/glossary-hyper
nav.sty
Package: glossary-hypernav 2019/01/06 v4.42 (NLCT)
)
(/home/kaue-novo/.TinyTeX/texmf-dist/tex/latex/glossaries/styles/glossary-list.
sty
Package: glossary-list 2019/01/06 v4.42 (NLCT)
\glslistdottedwidth=\skip292
)
(/home/kaue-novo/.TinyTeX/texmf-dist/tex/latex/glossaries/styles/glossary-long.
sty
Package: glossary-long 2019/01/06 v4.42 (NLCT)
(/home/kaue-novo/.TinyTeX/texmf-dist/tex/latex/tools/longtable.sty
Package: longtable 2014/10/28 v4.11 Multi-page Table package (DPC)+ FMi change
\LTleft=\skip293
\LTright=\skip294
\LTpre=\skip295
\LTpost=\skip296
\LTchunksize=\count384
\LTcapwidth=\dimen272
\LT@head=\box64
\LT@firsthead=\box65
\LT@foot=\box66
\LT@lastfoot=\box67
\LT@cols=\count385
\LT@rows=\count386
\c@LT@tables=\count387
\c@LT@chunks=\count388
\LT@p@ftn=\toks44
)
\glsdescwidth=\skip297
\glspagelistwidth=\skip298
)
(/home/kaue-novo/.TinyTeX/texmf-dist/tex/latex/glossaries/styles/glossary-tree.
sty
Package: glossary-tree 2019/01/06 v4.42 (NLCT)
\glstreeindent=\skip299
))

Class memoir Warning: You are using the caption package with the memoir class. 
To prepare we will now reset all captioning macros and configurations to kernel
 defaults, and then let the caption package take over. Please remember to use
 the caption package interfaces in order to
 configure your captions.

(/home/kaue-novo/.TinyTeX/texmf-dist/tex/latex/caption/caption.sty
Package: caption 2018/10/06 v3.3-154 Customizing captions (AR)
(/home/kaue-novo/.TinyTeX/texmf-dist/tex/latex/caption/caption3.sty
Package: caption3 2018/09/12 v1.8c caption3 kernel (AR)
Package caption3 Info: TeX engine: e-TeX on input line 64.
\captionmargin=\dimen273
\captionmargin@=\dimen274
\captionwidth=\dimen275
\caption@tempdima=\dimen276
\caption@indent=\dimen277
\caption@parindent=\dimen278
\caption@hangindent=\dimen279
)
\c@caption@flags=\count389
\c@ContinuedFloat=\count390
Package caption Info: hyperref package is loaded.
Package caption Info: listings package is loaded.
Package caption Info: longtable package is loaded.
(/home/kaue-novo/.TinyTeX/texmf-dist/tex/latex/caption/ltcaption.sty
Package: ltcaption 2018/08/26 v1.4-95 longtable captions (AR)
)) (./lib/abntex2cite.sty

LaTeX Warning: You have requested package `lib/abntex2cite',
               but the package provides `abntex2cite'.

Package: abntex2cite 2018/11/24 v-1.9.7 abnTeX2
(/home/kaue-novo/.TinyTeX/texmf-dist/tex/latex/abntex2/abntex2abrev.sty)
\minimumbiblabelwidth=\skip300
\ABCIauxlen=\skip301
\c@ABCIaux=\count391
\c@ABCImax=\count392
\biblabelsep=\skip302
LaTeX Info: Redefining \newblock on input line 591.
\ABCItoken=\toks45
) (/home/kaue-novo/.TinyTeX/texmf-dist/tex/latex/psnfss/mathptmx.sty
Package: mathptmx 2005/04/12 PSNFSS-v9.2a Times w/ Math, improved (SPQR, WaS) 
LaTeX Font Info:    Redeclaring symbol font `operators' on input line 28.
LaTeX Font Info:    Overwriting symbol font `operators' in version `normal'
(Font)                  OT1/cmr/m/n --> OT1/ztmcm/m/n on input line 28.
LaTeX Font Info:    Overwriting symbol font `operators' in version `bold'
(Font)                  OT1/cmr/bx/n --> OT1/ztmcm/m/n on input line 28.
LaTeX Font Info:    Redeclaring symbol font `letters' on input line 29.
LaTeX Font Info:    Overwriting symbol font `letters' in version `normal'
(Font)                  OML/cmm/m/it --> OML/ztmcm/m/it on input line 29.
LaTeX Font Info:    Overwriting symbol font `letters' in version `bold'
(Font)                  OML/cmm/b/it --> OML/ztmcm/m/it on input line 29.
LaTeX Font Info:    Redeclaring symbol font `symbols' on input line 30.
LaTeX Font Info:    Overwriting symbol font `symbols' in version `normal'
(Font)                  OMS/cmsy/m/n --> OMS/ztmcm/m/n on input line 30.
LaTeX Font Info:    Overwriting symbol font `symbols' in version `bold'
(Font)                  OMS/cmsy/b/n --> OMS/ztmcm/m/n on input line 30.
LaTeX Font Info:    Redeclaring symbol font `largesymbols' on input line 31.
LaTeX Font Info:    Overwriting symbol font `largesymbols' in version `normal'
(Font)                  OMX/cmex/m/n --> OMX/ztmcm/m/n on input line 31.
LaTeX Font Info:    Overwriting symbol font `largesymbols' in version `bold'
(Font)                  OMX/cmex/m/n --> OMX/ztmcm/m/n on input line 31.
\symbold=\mathgroup6
\symitalic=\mathgroup7
LaTeX Font Info:    Redeclaring math alphabet \mathbf on input line 34.
LaTeX Font Info:    Overwriting math alphabet `\mathbf' in version `normal'
(Font)                  OT1/cmr/bx/n --> OT1/ptm/bx/n on input line 34.
LaTeX Font Info:    Overwriting math alphabet `\mathbf' in version `bold'
(Font)                  OT1/cmr/bx/n --> OT1/ptm/bx/n on input line 34.
LaTeX Font Info:    Redeclaring math alphabet \mathit on input line 35.
LaTeX Font Info:    Overwriting math alphabet `\mathit' in version `normal'
(Font)                  OT1/cmr/m/it --> OT1/ptm/m/it on input line 35.
LaTeX Font Info:    Overwriting math alphabet `\mathit' in version `bold'
(Font)                  OT1/cmr/bx/it --> OT1/ptm/m/it on input line 35.
LaTeX Info: Redefining \hbar on input line 50.
) (/home/kaue-novo/.TinyTeX/texmf-dist/tex/latex/paracol/paracol.sty
Package: paracol 2018/12/31 v1.35 
\pcol@currcol=\count393
\pcol@nextcol=\count394
\pcol@ncol=\count395
\pcol@ncolleft=\count396
\pcol@page=\count397
\pcol@basepage=\count398
\pcol@toppage=\count399
\pcol@footnotebase=\count400
\pcol@nfootnotes=\count401
\pcol@mcid=\count402
\pcol@prevdepth=\dimen280
\pcol@colht=\dimen281
\pcol@textfloatsep=\dimen282
\pcol@lrmargin=\dimen283
\pagerim=\dimen284
\pcol@topskip=\skip303
\belowfootnoteskip=\skip304
\pcol@topfnotes=\box68
\pcol@prespan=\box69
\pcol@rightpage=\box70
\pcol@colorstack@saved=\box71
\pcol@tempboxa=\box72
\pcol@tempboxb=\box73
\pcol@colorins=\insert252
\pcol@everyvbox=\toks46
) (./lib/ufctex.sty (./1-pre-textuais/lista-de-abreviaturas-e-siglas.tex) (./3-
pos-textuais/glossario.tex)
\enitdp@alineascomponto=\count403
\c@subalineascompontoi=\count404
\enitdp@subalineascomponto=\count405
\c@alineascomnumeroi=\count406
\c@alineascomnumeroii=\count407
\enitdp@alineascomnumero=\count408
\c@subalineascomnumeroi=\count409
\enitdp@subalineascomnumero=\count410
\c@afirmacao=\count411
\c@argumento=\count412
\c@teo=\count413
\c@lema=\count414
\c@cor=\count415
\c@conjec=\count416
\c@premissa=\count417
\c@procedimento=\count418
\c@heuristica=\count419
\c@axioma=\count420
\c@exem=\count421
\c@xdefinicao=\count422
\c@cdefinicao=\count423
\c@propriedade=\count424
\c@quest=\count425
\c@quadro=\count426
\c@loqdepth=\count427
\cftbeforequadroskip=\skip305
\cftquadroindent=\skip306
\cftquadronumwidth=\skip307
\mylen=\skip308
\cftbeforelstlistingskip=\skip309
\cftlstlistingindent=\skip310
\cftlstlistingnumwidth=\skip311
\myAlgoLen=\skip312
\cftbeforealgocfskip=\skip313
\cftalgocfindent=\skip314
\cftalgocfnumwidth=\skip315
) (/home/kaue-novo/.TinyTeX/texmf-dist/tex/latex/pdfpages/pdfpages.sty
Package: pdfpages 2017/10/31 v0.5l Insert pages of external PDF documents (AM)
(/home/kaue-novo/.TinyTeX/texmf-dist/tex/latex/eso-pic/eso-pic.sty
Package: eso-pic 2018/04/12 v2.0h eso-pic (RN)
)
\AM@pagewidth=\dimen285
\AM@pageheight=\dimen286
(/home/kaue-novo/.TinyTeX/texmf-dist/tex/latex/pdfpages/pppdftex.def
File: pppdftex.def 2017/10/31 v0.5l Pdfpages driver for pdfTeX (AM)
)
\AM@pagebox=\box74
\AM@global@opts=\toks47
\AM@toc@title=\toks48
\c@AM@survey=\count428
\AM@templatesizebox=\box75
))

LaTeX Warning: Unused global option(s):
    [section=Title,subsection=Title].

(./braga_dissertacao_2019.aux)
\openout1 = `braga_dissertacao_2019.aux'.

LaTeX Font Info:    Checking defaults for OML/cmm/m/it on input line 106.
LaTeX Font Info:    ... okay on input line 106.
LaTeX Font Info:    Checking defaults for T1/cmr/m/n on input line 106.
LaTeX Font Info:    ... okay on input line 106.
LaTeX Font Info:    Checking defaults for OT1/cmr/m/n on input line 106.
LaTeX Font Info:    ... okay on input line 106.
LaTeX Font Info:    Checking defaults for OMS/cmsy/m/n on input line 106.
LaTeX Font Info:    ... okay on input line 106.
LaTeX Font Info:    Checking defaults for OMX/cmex/m/n on input line 106.
LaTeX Font Info:    ... okay on input line 106.
LaTeX Font Info:    Checking defaults for U/cmr/m/n on input line 106.
LaTeX Font Info:    ... okay on input line 106.
LaTeX Font Info:    Checking defaults for PD1/pdf/m/n on input line 106.
LaTeX Font Info:    ... okay on input line 106.
LaTeX Font Info:    Try loading font information for T1+ptm on input line 106.
(/home/kaue-novo/.TinyTeX/texmf-dist/tex/latex/psnfss/t1ptm.fd
File: t1ptm.fd 2001/06/04 font definitions for T1/ptm.
)
\AtBeginShipoutBox=\box76
Package hyperref Info: Link coloring OFF on input line 106.
(/home/kaue-novo/.TinyTeX/texmf-dist/tex/latex/hyperref/nameref.sty
Package: nameref 2016/05/21 v2.44 Cross-referencing by name of section
(/home/kaue-novo/.TinyTeX/texmf-dist/tex/generic/oberdiek/gettitlestring.sty
Package: gettitlestring 2016/05/16 v1.5 Cleanup title references (HO)
)
\c@section@level=\count429
)
Redoing nameref's sectioning
Redoing nameref's label
LaTeX Info: Redefining \nameref on input line 106.
LaTeX Info: Redefining \ref on input line 106.
LaTeX Info: Redefining \pageref on input line 106.
LaTeX Info: Redefining \nameref on input line 106.
\myptabbox=\box77
\myptabboxwidth=\skip316
(/home/kaue-novo/.TinyTeX/texmf-dist/tex/latex/oberdiek/epstopdf-base.sty
Package: epstopdf-base 2016/05/15 v2.6 Base part for package epstopdf
(/home/kaue-novo/.TinyTeX/texmf-dist/tex/latex/oberdiek/grfext.sty
Package: grfext 2016/05/16 v1.2 Manage graphics extensions (HO)
)
Package epstopdf-base Info: Redefining graphics rule for `.eps' on input line 4
38.
Package grfext Info: Graphics extension search list:
(grfext)             [.pdf,.png,.jpg,.mps,.jpeg,.jbig2,.jb2,.PDF,.PNG,.JPG,.JPE
G,.JBIG2,.JB2,.eps]
(grfext)             \AppendGraphicsExtensions on input line 456.
(/home/kaue-novo/.TinyTeX/texmf-dist/tex/latex/latexconfig/epstopdf-sys.cfg
File: epstopdf-sys.cfg 2010/07/13 v1.3 Configuration of (r)epstopdf for TeX Liv
e
))
\c@lstlisting=\count430
LaTeX Info: Redefining \microtypecontext on input line 106.
Package microtype Info: Generating PDF output.
Package microtype Info: Character protrusion enabled (level 2).
Package microtype Info: Using default protrusion set `alltext'.
Package microtype Info: Automatic font expansion enabled (level 2),
(microtype)             stretch: 20, shrink: 20, step: 1, non-selected.
Package microtype Info: Using default expansion set `basictext'.
Package microtype Info: No adjustment of tracking.
Package microtype Info: No adjustment of interword spacing.
Package microtype Info: No adjustment of character kerning.
(/home/kaue-novo/.TinyTeX/texmf-dist/tex/latex/microtype/mt-ptm.cfg
File: mt-ptm.cfg 2006/04/20 v1.7 microtype config. file: Times (RS)
)
Package caption Info: Begin \AtBeginDocument code.
Package caption Info: End \AtBeginDocument code.
(/home/kaue-novo/.TinyTeX/texmf-dist/tex/latex/oberdiek/pdflscape.sty
Package: pdflscape 2016/05/14 v0.11 Display of landscape pages in PDF (HO)
(/home/kaue-novo/.TinyTeX/texmf-dist/tex/latex/graphics/lscape.sty
Package: lscape 2000/10/22 v3.01 Landscape Pages (DPC)
)
Package pdflscape Info: Auto-detected driver: pdftex on input line 81.
)
LaTeX Font Info:    Font shape `T1/ptm/bx/n' in size <12> not available
(Font)              Font shape `T1/ptm/b/n' tried instead on input line 109.
<lib/logo-ufc.png, id=4, 489.83pt x 732.7375pt>
File: lib/logo-ufc.png Graphic file (type png)
<use lib/logo-ufc.png>
Package pdftex.def Info: lib/logo-ufc.png  used on input line 109.
(pdftex.def)             Requested size: 48.98586pt x 73.27803pt.
[1

{/home/kaue-novo/.TinyTeX/texmf-var/fonts/map/pdftex/updmap/pdftex.map} <./lib/
logo-ufc.PNG>]
Underfull \hbox (badness 10000) in paragraph at lines 110--110

 []


Underfull \hbox (badness 1546) in paragraph at lines 110--110
\T1/ptm/m/n/12 (+20) Ori-en-ta-dor: Prof. Dr. Car-los Fe-lipe Gran-
 []


Underfull \hbox (badness 10000) in paragraph at lines 110--110

 []

LaTeX Font Info:    Try loading font information for OT1+ztmcm on input line 11
0.
(/home/kaue-novo/.TinyTeX/texmf-dist/tex/latex/psnfss/ot1ztmcm.fd
File: ot1ztmcm.fd 2000/01/03 Fontinst v1.801 font definitions for OT1/ztmcm.
)
Package microtype Info: Loading generic protrusion settings for font family
(microtype)             `ztmcm' (encoding: OT1).
(microtype)             For optimal results, create family-specific settings.
(microtype)             See the microtype manual for details.
LaTeX Font Info:    Try loading font information for OML+ztmcm on input line 11
0.
(/home/kaue-novo/.TinyTeX/texmf-dist/tex/latex/psnfss/omlztmcm.fd
File: omlztmcm.fd 2000/01/03 Fontinst v1.801 font definitions for OML/ztmcm.
)
LaTeX Font Info:    Try loading font information for OMS+ztmcm on input line 11
0.
(/home/kaue-novo/.TinyTeX/texmf-dist/tex/latex/psnfss/omsztmcm.fd
File: omsztmcm.fd 2000/01/03 Fontinst v1.801 font definitions for OMS/ztmcm.
)
LaTeX Font Info:    Try loading font information for OMX+ztmcm on input line 11
0.
(/home/kaue-novo/.TinyTeX/texmf-dist/tex/latex/psnfss/omxztmcm.fd
File: omxztmcm.fd 2000/01/03 Fontinst v1.801 font definitions for OMX/ztmcm.
) (/home/kaue-novo/.TinyTeX/texmf-dist/tex/latex/microtype/mt-msa.cfg
File: mt-msa.cfg 2006/02/04 v1.1 microtype config. file: AMS symbols (a) (RS)
) (/home/kaue-novo/.TinyTeX/texmf-dist/tex/latex/microtype/mt-msb.cfg
File: mt-msb.cfg 2005/06/01 v1.0 microtype config. file: AMS symbols (b) (RS)
)
LaTeX Font Info:    Try loading font information for OT1+ptm on input line 110.

(/home/kaue-novo/.TinyTeX/texmf-dist/tex/latex/psnfss/ot1ptm.fd
File: ot1ptm.fd 2001/06/04 font definitions for OT1/ptm.
)
LaTeX Font Info:    Font shape `OT1/ptm/bx/n' in size <12> not available
(Font)              Font shape `OT1/ptm/b/n' tried instead on input line 110.
LaTeX Font Info:    Font shape `OT1/ptm/bx/n' in size <9> not available
(Font)              Font shape `OT1/ptm/b/n' tried instead on input line 110.
LaTeX Font Info:    Font shape `OT1/ptm/bx/n' in size <7> not available
(Font)              Font shape `OT1/ptm/b/n' tried instead on input line 110.

Overfull \hbox (4.56003pt too wide) in paragraph at lines 110--110
[]|  |  $[]$ 
 []

pdfTeX warning (ext4): destination with the same identifier (name{page.1}) has 
been already used, duplicate ignored
<to be read again> 
                   \relax 
l.110 	\imprimirfolhaderosto{}
                               [1



]
<1-pre-textuais/ficha-catalografica.pdf, id=19, 597.51233pt x 845.0471pt>
File: 1-pre-textuais/ficha-catalografica.pdf Graphic file (type pdf)
<use 1-pre-textuais/ficha-catalografica.pdf>
Package pdftex.def Info: 1-pre-textuais/ficha-catalografica.pdf  used on input 
line 111.
(pdftex.def)             Requested size: 597.51086pt x 845.04504pt.
File: 1-pre-textuais/ficha-catalografica.pdf Graphic file (type pdf)
<use 1-pre-textuais/ficha-catalografica.pdf>
Package pdftex.def Info: 1-pre-textuais/ficha-catalografica.pdf  used on input 
line 111.
(pdftex.def)             Requested size: 597.51086pt x 845.04504pt.
<1-pre-textuais/ficha-catalografica.pdf, id=22, page=1, 597.51233pt x 845.0471p
t>
File: 1-pre-textuais/ficha-catalografica.pdf Graphic file (type pdf)
<use 1-pre-textuais/ficha-catalografica.pdf, page 1>
Package pdftex.def Info: 1-pre-textuais/ficha-catalografica.pdf , page1 used on
 input line 111.
(pdftex.def)             Requested size: 597.51086pt x 845.04504pt.
File: 1-pre-textuais/ficha-catalografica.pdf Graphic file (type pdf)
<use 1-pre-textuais/ficha-catalografica.pdf, page 1>
Package pdftex.def Info: 1-pre-textuais/ficha-catalografica.pdf , page1 used on
 input line 111.
(pdftex.def)             Requested size: 597.53821pt x 845.08372pt.
File: 1-pre-textuais/ficha-catalografica.pdf Graphic file (type pdf)
<use 1-pre-textuais/ficha-catalografica.pdf, page 1>
Package pdftex.def Info: 1-pre-textuais/ficha-catalografica.pdf , page1 used on
 input line 111.
(pdftex.def)             Requested size: 597.53821pt x 845.08372pt.
File: 1-pre-textuais/ficha-catalografica.pdf Graphic file (type pdf)
<use 1-pre-textuais/ficha-catalografica.pdf, page 1>
Package pdftex.def Info: 1-pre-textuais/ficha-catalografica.pdf , page1 used on
 input line 111.
(pdftex.def)             Requested size: 597.53821pt x 845.08372pt.
File: 1-pre-textuais/ficha-catalografica.pdf Graphic file (type pdf)
<use 1-pre-textuais/ficha-catalografica.pdf, page 1>
Package pdftex.def Info: 1-pre-textuais/ficha-catalografica.pdf , page1 used on
 input line 111.
(pdftex.def)             Requested size: 597.53821pt x 845.08372pt.
[2

 <./1-pre-textuais/ficha-catalografica.pdf>]
Underfull \hbox (badness 10000) in paragraph at lines 113--113

 []


Underfull \hbox (badness 10000) in paragraph at lines 113--113

 []


Overfull \hbox (4.56003pt too wide) in paragraph at lines 113--113
[]|  |  $[]$ 
 []

[3] (./1-pre-textuais/agradecimentos.tex) [4

] (./1-pre-textuais/resumo.tex [5

]) [6] (./1-pre-textuais/abstract.tex) [7

] (./braga_dissertacao_2019.lof [8

]) [9] (./braga_dissertacao_2019.lot) [10] (./braga_dissertacao_2019.toc
LaTeX Font Info:    Font shape `T1/ptm/bx/it' in size <12> not available
(Font)              Font shape `T1/ptm/b/it' tried instead on input line 15.

Overfull \hbox (12.76994pt too wide) in paragraph at lines 37--37
 [][] [][]\T1/ptm/b/n/12 PROPOSTA ME-TO-DO-L-GICA PARA AN-LISE DA VA-RI-A-BI-
LI-DADE 
 []

[11] [12]) [13] [14


] [15] [16] [17]
LaTeX Font Info:    Try loading font information for OMS+ptm on input line 171.

(/home/kaue-novo/.TinyTeX/texmf-dist/tex/latex/psnfss/omsptm.fd
File: omsptm.fd 
)
LaTeX Font Info:    Font shape `OMS/ptm/m/n' in size <12> not available
(Font)              Font shape `OMS/cmsy/m/n' tried instead on input line 171.
[18] [19] [20] [21

]

LaTeX Warning: Citation `Correa2013' on page 22 undefined on input line 259.

[22] [23] [24] [25] [26] [27] [28] [29] [30]
<figure/2-wessel2019_aderencia.png, id=596, 890.32625pt x 844.15375pt>
File: figure/2-wessel2019_aderencia.png Graphic file (type png)
<use figure/2-wessel2019_aderencia.png>
Package pdftex.def Info: figure/2-wessel2019_aderencia.png  used on input line 
391.
(pdftex.def)             Requested size: 455.24408pt x 431.63335pt.
File: figure/2-wessel2019_aderencia.png Graphic file (type png)
<use figure/2-wessel2019_aderencia.png>
Package pdftex.def Info: figure/2-wessel2019_aderencia.png  used on input line 
391.
(pdftex.def)             Requested size: 455.24408pt x 431.63335pt.

Overfull \hbox (4.99997pt too wide) in paragraph at lines 391--392
 []$[]$ 
 []

[31 <./figure/2-wessel2019_aderencia.png>]
<figure/2-wessel_2017.png, id=605, 1029.8475pt x 334.24875pt>
File: figure/2-wessel_2017.png Graphic file (type png)
<use figure/2-wessel_2017.png>
Package pdftex.def Info: figure/2-wessel_2017.png  used on input line 417.
(pdftex.def)             Requested size: 455.24408pt x 147.75333pt.
File: figure/2-wessel_2017.png Graphic file (type png)
<use figure/2-wessel_2017.png>
Package pdftex.def Info: figure/2-wessel_2017.png  used on input line 417.
(pdftex.def)             Requested size: 455.24408pt x 147.75333pt.

Overfull \hbox (4.99997pt too wide) in paragraph at lines 417--418
 []$[]$ 
 []


LaTeX Warning: `!h' float specifier changed to `!ht'.

[32] [33 <./figure/2-wessel_2017.png (PNG copy)>] [34] [35] [36] [37] [38]
<figure/3-fortaleza_expansao.jpg, id=692, 427.9739pt x 287.57437pt>
File: figure/3-fortaleza_expansao.jpg Graphic file (type jpg)
<use figure/3-fortaleza_expansao.jpg>
Package pdftex.def Info: figure/3-fortaleza_expansao.jpg  used on input line 50
8.
(pdftex.def)             Requested size: 455.24408pt x 305.89806pt.
File: figure/3-fortaleza_expansao.jpg Graphic file (type jpg)
<use figure/3-fortaleza_expansao.jpg>
Package pdftex.def Info: figure/3-fortaleza_expansao.jpg  used on input line 50
8.
(pdftex.def)             Requested size: 455.24408pt x 305.89806pt.

Overfull \hbox (4.99997pt too wide) in paragraph at lines 508--509
 []$[]$ 
 []


LaTeX Warning: `!h' float specifier changed to `!ht'.

<figure/3-sitfor.jpg, id=696, 428.0249pt x 350.1598pt>
File: figure/3-sitfor.jpg Graphic file (type jpg)
<use figure/3-sitfor.jpg>
Package pdftex.def Info: figure/3-sitfor.jpg  used on input line 521.
(pdftex.def)             Requested size: 455.24408pt x 372.44458pt.
File: figure/3-sitfor.jpg Graphic file (type jpg)
<use figure/3-sitfor.jpg>
Package pdftex.def Info: figure/3-sitfor.jpg  used on input line 521.
(pdftex.def)             Requested size: 455.24408pt x 372.44458pt.

Overfull \hbox (4.99997pt too wide) in paragraph at lines 521--522
 []$[]$ 
 []


LaTeX Warning: `!h' float specifier changed to `!ht'.

[39

]
<figure/3-bu.jpg, id=706, 341.92258pt x 112.93806pt>
File: figure/3-bu.jpg Graphic file (type jpg)
<use figure/3-bu.jpg>
Package pdftex.def Info: figure/3-bu.jpg  used on input line 534.
(pdftex.def)             Requested size: 455.24408pt x 150.3746pt.
File: figure/3-bu.jpg Graphic file (type jpg)
<use figure/3-bu.jpg>
Package pdftex.def Info: figure/3-bu.jpg  used on input line 534.
(pdftex.def)             Requested size: 455.24408pt x 150.3746pt.

Overfull \hbox (4.99997pt too wide) in paragraph at lines 534--535
 []$[]$ 
 []


LaTeX Warning: `!h' float specifier changed to `!ht'.

<figure/3-tratamento_inicial.png, id=708, 882.29625pt x 408.77719pt>
File: figure/3-tratamento_inicial.png Graphic file (type png)
<use figure/3-tratamento_inicial.png>
Package pdftex.def Info: figure/3-tratamento_inicial.png  used on input line 55
0.
(pdftex.def)             Requested size: 455.24408pt x 210.91867pt.
File: figure/3-tratamento_inicial.png Graphic file (type png)
<use figure/3-tratamento_inicial.png>
Package pdftex.def Info: figure/3-tratamento_inicial.png  used on input line 55
0.
(pdftex.def)             Requested size: 455.24408pt x 210.91867pt.

Overfull \hbox (4.99997pt too wide) in paragraph at lines 550--551
 []$[]$ 
 []


LaTeX Warning: `!h' float specifier changed to `!ht'.

[40 <./figure/3-fortaleza_expansao.jpg>] [41 <./figure/3-sitfor.jpg> <./figure/
3-bu.jpg>]
LaTeX Font Info:    Font shape `OT1/ptm/bx/n' in size <10> not available
(Font)              Font shape `OT1/ptm/b/n' tried instead on input line 604.
LaTeX Font Info:    Font shape `OT1/ptm/bx/n' in size <7.4> not available
(Font)              Font shape `OT1/ptm/b/n' tried instead on input line 604.
LaTeX Font Info:    Font shape `OT1/ptm/bx/n' in size <6> not available
(Font)              Font shape `OT1/ptm/b/n' tried instead on input line 604.

Overfull \hbox (4.79337pt too wide) in paragraph at lines 604--604
[] [] 
 []

[42 <./figure/3-tratamento_inicial.png (PNG copy)>]
LaTeX Font Info:    Try loading font information for T1+cmtt on input line 628.

(/home/kaue-novo/.TinyTeX/texmf-dist/tex/latex/base/t1cmtt.fd
File: t1cmtt.fd 2014/09/29 v2.5h Standard LaTeX font definitions
)
Package microtype Info: Loading generic protrusion settings for font family
(microtype)             `cmtt' (encoding: T1).
(microtype)             For optimal results, create family-specific settings.
(microtype)             See the microtype manual for details.
[43]
Overfull \hbox (16.81915pt too wide) in paragraph at lines 656--656
[] [] 
 []

<figure/3-tratamento_gtfs.png, id=733, 927.465pt x 437.38406pt>
File: figure/3-tratamento_gtfs.png Graphic file (type png)
<use figure/3-tratamento_gtfs.png>
Package pdftex.def Info: figure/3-tratamento_gtfs.png  used on input line 688.
(pdftex.def)             Requested size: 455.24408pt x 214.6938pt.
File: figure/3-tratamento_gtfs.png Graphic file (type png)
<use figure/3-tratamento_gtfs.png>
Package pdftex.def Info: figure/3-tratamento_gtfs.png  used on input line 688.
(pdftex.def)             Requested size: 455.24408pt x 214.6938pt.

Overfull \hbox (4.99997pt too wide) in paragraph at lines 688--689
 []$[]$ 
 []


LaTeX Warning: `!h' float specifier changed to `!ht'.

LaTeX Font Info:    Font shape `T1/cmtt/bx/n' in size <12> not available
(Font)              Font shape `T1/cmtt/m/n' tried instead on input line 696.
[44] [45 <./figure/3-tratamento_gtfs.png (PNG copy)>]
<figure/3-integracao_bases.png, id=746, 927.465pt x 134.75343pt>
File: figure/3-integracao_bases.png Graphic file (type png)
<use figure/3-integracao_bases.png>
Package pdftex.def Info: figure/3-integracao_bases.png  used on input line 727.

(pdftex.def)             Requested size: 455.24408pt x 66.1449pt.
File: figure/3-integracao_bases.png Graphic file (type png)
<use figure/3-integracao_bases.png>
Package pdftex.def Info: figure/3-integracao_bases.png  used on input line 727.

(pdftex.def)             Requested size: 455.24408pt x 66.1449pt.

Overfull \hbox (4.99997pt too wide) in paragraph at lines 727--728
 []$[]$ 
 []

<figure/3-geo_bilhetagem.png, id=748, 886.81313pt x 140.02313pt>
File: figure/3-geo_bilhetagem.png Graphic file (type png)
<use figure/3-geo_bilhetagem.png>
Package pdftex.def Info: figure/3-geo_bilhetagem.png  used on input line 743.
(pdftex.def)             Requested size: 455.24408pt x 71.88303pt.
File: figure/3-geo_bilhetagem.png Graphic file (type png)
<use figure/3-geo_bilhetagem.png>
Package pdftex.def Info: figure/3-geo_bilhetagem.png  used on input line 743.
(pdftex.def)             Requested size: 455.24408pt x 71.88303pt.

Overfull \hbox (4.99997pt too wide) in paragraph at lines 743--744
 []$[]$ 
 []


LaTeX Warning: `!h' float specifier changed to `!ht'.

[46 <./figure/3-integracao_bases.png (PNG copy)>] [47 <./figure/3-geo_bilhetage
m.png (PNG copy)>]
<figure/3-integrar_gps_com_linha.jpg, id=760, 457.8517pt x 182.37547pt>
File: figure/3-integrar_gps_com_linha.jpg Graphic file (type jpg)
<use figure/3-integrar_gps_com_linha.jpg>
Package pdftex.def Info: figure/3-integrar_gps_com_linha.jpg  used on input lin
e 769.
(pdftex.def)             Requested size: 455.24408pt x 181.33704pt.
File: figure/3-integrar_gps_com_linha.jpg Graphic file (type jpg)
<use figure/3-integrar_gps_com_linha.jpg>
Package pdftex.def Info: figure/3-integrar_gps_com_linha.jpg  used on input lin
e 769.
(pdftex.def)             Requested size: 455.24408pt x 181.33704pt.

Overfull \hbox (4.99997pt too wide) in paragraph at lines 769--770
 []$[]$ 
 []

<figure/3-buffer_terminais.jpg, id=762, 455.3755pt x 167.93462pt>
File: figure/3-buffer_terminais.jpg Graphic file (type jpg)
<use figure/3-buffer_terminais.jpg>
Package pdftex.def Info: figure/3-buffer_terminais.jpg  used on input line 782.

(pdftex.def)             Requested size: 455.24408pt x 167.89575pt.
File: figure/3-buffer_terminais.jpg Graphic file (type jpg)
<use figure/3-buffer_terminais.jpg>
Package pdftex.def Info: figure/3-buffer_terminais.jpg  used on input line 782.

(pdftex.def)             Requested size: 455.24408pt x 167.89575pt.

Overfull \hbox (4.99997pt too wide) in paragraph at lines 782--783
 []$[]$ 
 []


LaTeX Warning: `!h' float specifier changed to `!ht'.

[48 <./figure/3-integrar_gps_com_linha.jpg>]
<figure/3-qualidade_geo_bi.png, id=769, 455.0601pt x 284.5029pt>
File: figure/3-qualidade_geo_bi.png Graphic file (type png)
<use figure/3-qualidade_geo_bi.png>
Package pdftex.def Info: figure/3-qualidade_geo_bi.png  used on input line 802.

(pdftex.def)             Requested size: 455.24408pt x 284.63243pt.
File: figure/3-qualidade_geo_bi.png Graphic file (type png)
<use figure/3-qualidade_geo_bi.png>
Package pdftex.def Info: figure/3-qualidade_geo_bi.png  used on input line 802.

(pdftex.def)             Requested size: 455.24408pt x 284.63243pt.

Overfull \hbox (4.99997pt too wide) in paragraph at lines 802--803
 []$[]$ 
 []


LaTeX Warning: `!h' float specifier changed to `!ht'.

<figure/3-qualidade_geo_bi_linhas.png, id=771, 455.0601pt x 284.5029pt>
File: figure/3-qualidade_geo_bi_linhas.png Graphic file (type png)
<use figure/3-qualidade_geo_bi_linhas.png>
Package pdftex.def Info: figure/3-qualidade_geo_bi_linhas.png  used on input li
ne 815.
(pdftex.def)             Requested size: 455.24408pt x 284.63243pt.
File: figure/3-qualidade_geo_bi_linhas.png Graphic file (type png)
<use figure/3-qualidade_geo_bi_linhas.png>
Package pdftex.def Info: figure/3-qualidade_geo_bi_linhas.png  used on input li
ne 815.
(pdftex.def)             Requested size: 455.24408pt x 284.63243pt.

Overfull \hbox (4.99997pt too wide) in paragraph at lines 815--816
 []$[]$ 
 []


LaTeX Warning: `!h' float specifier changed to `!ht'.

<figure/3-qualidade_geo_gps.png, id=773, 455.0601pt x 284.5029pt>
File: figure/3-qualidade_geo_gps.png Graphic file (type png)
<use figure/3-qualidade_geo_gps.png>
Package pdftex.def Info: figure/3-qualidade_geo_gps.png  used on input line 828
.
(pdftex.def)             Requested size: 455.24408pt x 284.63243pt.
File: figure/3-qualidade_geo_gps.png Graphic file (type png)
<use figure/3-qualidade_geo_gps.png>
Package pdftex.def Info: figure/3-qualidade_geo_gps.png  used on input line 828
.
(pdftex.def)             Requested size: 455.24408pt x 284.63243pt.

Overfull \hbox (4.99997pt too wide) in paragraph at lines 828--829
 []$[]$ 
 []

[49 <./figure/3-buffer_terminais.jpg>]

LaTeX Warning: `!h' float specifier changed to `!ht'.

[50 <./figure/3-qualidade_geo_bi.png (PNG copy)> <./figure/3-qualidade_geo_bi_l
inhas.png>] [51 <./figure/3-qualidade_geo_gps.png (PNG copy)>] [52]
Underfull \hbox (badness 2293) in paragraph at lines 843--843
[]\T1/ptm/b/n/12 PROPOSTA ME-TO-DO-L-GICA PARA AN-LISE DA VA-RI-A-BI-LI-DADE 
DA
 []

<figure/4-metodologia_geral.png, id=795, 454.8192pt x 163.5711pt>
File: figure/4-metodologia_geral.png Graphic file (type png)
<use figure/4-metodologia_geral.png>
Package pdftex.def Info: figure/4-metodologia_geral.png  used on input line 855
.
(pdftex.def)             Requested size: 455.24408pt x 163.72543pt.
File: figure/4-metodologia_geral.png Graphic file (type png)
<use figure/4-metodologia_geral.png>
Package pdftex.def Info: figure/4-metodologia_geral.png  used on input line 855
.
(pdftex.def)             Requested size: 455.24408pt x 163.72543pt.

Overfull \hbox (4.99997pt too wide) in paragraph at lines 855--856
 []$[]$ 
 []

[53

 <./figure/4-metodologia_geral.png>]
<figure/4-metodologia_parte1.png, id=802, 454.8192pt x 229.5777pt>
File: figure/4-metodologia_parte1.png Graphic file (type png)
<use figure/4-metodologia_parte1.png>
Package pdftex.def Info: figure/4-metodologia_parte1.png  used on input line 87
7.
(pdftex.def)             Requested size: 455.24408pt x 229.79431pt.
File: figure/4-metodologia_parte1.png Graphic file (type png)
<use figure/4-metodologia_parte1.png>
Package pdftex.def Info: figure/4-metodologia_parte1.png  used on input line 87
7.
(pdftex.def)             Requested size: 455.24408pt x 229.79431pt.

Overfull \hbox (4.99997pt too wide) in paragraph at lines 877--878
 []$[]$ 
 []

[54 <./figure/4-metodologia_parte1.png>]
<figure/4-interpolacao.png, id=815, 451.9284pt x 309.3156pt>
File: figure/4-interpolacao.png Graphic file (type png)
<use figure/4-interpolacao.png>
Package pdftex.def Info: figure/4-interpolacao.png  used on input line 907.
(pdftex.def)             Requested size: 455.24408pt x 311.5992pt.
File: figure/4-interpolacao.png Graphic file (type png)
<use figure/4-interpolacao.png>
Package pdftex.def Info: figure/4-interpolacao.png  used on input line 907.
(pdftex.def)             Requested size: 455.24408pt x 311.5992pt.

Overfull \hbox (4.99997pt too wide) in paragraph at lines 907--908
 []$[]$ 
 []


LaTeX Warning: `!h' float specifier changed to `!ht'.

[55] [56 <./figure/4-interpolacao.png>]
<figure/4-trecho_entre_paradas.png, id=834, 454.8192pt x 270.0489pt>
File: figure/4-trecho_entre_paradas.png Graphic file (type png)
<use figure/4-trecho_entre_paradas.png>
Package pdftex.def Info: figure/4-trecho_entre_paradas.png  used on input line 
929.
(pdftex.def)             Requested size: 455.24408pt x 270.30371pt.
File: figure/4-trecho_entre_paradas.png Graphic file (type png)
<use figure/4-trecho_entre_paradas.png>
Package pdftex.def Info: figure/4-trecho_entre_paradas.png  used on input line 
929.
(pdftex.def)             Requested size: 455.24408pt x 270.30371pt.

Overfull \hbox (4.99997pt too wide) in paragraph at lines 929--930
 []$[]$ 
 []

[57 <./figure/4-trecho_entre_paradas.png>]
<figure/4-gps_para_trechos.png, id=844, 454.8192pt x 341.1144pt>
File: figure/4-gps_para_trechos.png Graphic file (type png)
<use figure/4-gps_para_trechos.png>
Package pdftex.def Info: figure/4-gps_para_trechos.png  used on input line 945.

(pdftex.def)             Requested size: 455.24408pt x 341.43625pt.
File: figure/4-gps_para_trechos.png Graphic file (type png)
<use figure/4-gps_para_trechos.png>
Package pdftex.def Info: figure/4-gps_para_trechos.png  used on input line 945.

(pdftex.def)             Requested size: 455.24408pt x 341.43625pt.

Overfull \hbox (4.99997pt too wide) in paragraph at lines 945--946
 []$[]$ 
 []

[58 <./figure/4-gps_para_trechos.png>]
<figure/4-agregar_tempos_trechos.png, id=854, 454.8192pt x 280.4076pt>
File: figure/4-agregar_tempos_trechos.png Graphic file (type png)
<use figure/4-agregar_tempos_trechos.png>
Package pdftex.def Info: figure/4-agregar_tempos_trechos.png  used on input lin
e 963.
(pdftex.def)             Requested size: 455.24408pt x 280.67218pt.
File: figure/4-agregar_tempos_trechos.png Graphic file (type png)
<use figure/4-agregar_tempos_trechos.png>
Package pdftex.def Info: figure/4-agregar_tempos_trechos.png  used on input lin
e 963.
(pdftex.def)             Requested size: 455.24408pt x 280.67218pt.

Overfull \hbox (4.99997pt too wide) in paragraph at lines 963--964
 []$[]$ 
 []

[59 <./figure/4-agregar_tempos_trechos.png>] [60] [61]
<figure/4-metodologia_reconstrucao_gtfs.png, id=874, 454.8192pt x 286.4301pt>
File: figure/4-metodologia_reconstrucao_gtfs.png Graphic file (type png)
<use figure/4-metodologia_reconstrucao_gtfs.png>
Package pdftex.def Info: figure/4-metodologia_reconstrucao_gtfs.png  used on in
put line 1003.
(pdftex.def)             Requested size: 455.24408pt x 286.70035pt.
File: figure/4-metodologia_reconstrucao_gtfs.png Graphic file (type png)
<use figure/4-metodologia_reconstrucao_gtfs.png>
Package pdftex.def Info: figure/4-metodologia_reconstrucao_gtfs.png  used on in
put line 1003.
(pdftex.def)             Requested size: 455.24408pt x 286.70035pt.

Overfull \hbox (4.99997pt too wide) in paragraph at lines 1003--1004
 []$[]$ 
 []

[62 <./figure/4-metodologia_reconstrucao_gtfs.png>] [63]
<figure/4-metodologia_parte2.png, id=885, 454.8192pt x 189.8292pt>
File: figure/4-metodologia_parte2.png Graphic file (type png)
<use figure/4-metodologia_parte2.png>
Package pdftex.def Info: figure/4-metodologia_parte2.png  used on input line 10
33.
(pdftex.def)             Requested size: 455.24408pt x 190.0083pt.
File: figure/4-metodologia_parte2.png Graphic file (type png)
<use figure/4-metodologia_parte2.png>
Package pdftex.def Info: figure/4-metodologia_parte2.png  used on input line 10
33.
(pdftex.def)             Requested size: 455.24408pt x 190.0083pt.

Overfull \hbox (4.99997pt too wide) in paragraph at lines 1033--1034
 []$[]$ 
 []

[64 <./figure/4-metodologia_parte2.png>]
<figure/4-uber_h3_for_h3.png, id=901, 455.301pt x 204.61444pt>
File: figure/4-uber_h3_for_h3.png Graphic file (type png)
<use figure/4-uber_h3_for_h3.png>
Package pdftex.def Info: figure/4-uber_h3_for_h3.png  used on input line 1060.
(pdftex.def)             Requested size: 455.24408pt x 204.5952pt.
File: figure/4-uber_h3_for_h3.png Graphic file (type png)
<use figure/4-uber_h3_for_h3.png>
Package pdftex.def Info: figure/4-uber_h3_for_h3.png  used on input line 1060.
(pdftex.def)             Requested size: 455.24408pt x 204.5952pt.

Overfull \hbox (4.99997pt too wide) in paragraph at lines 1060--1061
 []$[]$ 
 []


LaTeX Warning: `!h' float specifier changed to `!ht'.

[65] [66 <./figure/4-uber_h3_for_h3.png>] [67] [68]
<figure/4-metodologia_teste_hipoteses.png, id=938, 454.8192pt x 248.8497pt>
File: figure/4-metodologia_teste_hipoteses.png Graphic file (type png)
<use figure/4-metodologia_teste_hipoteses.png>
Package pdftex.def Info: figure/4-metodologia_teste_hipoteses.png  used on inpu
t line 1122.
(pdftex.def)             Requested size: 455.24408pt x 249.08449pt.
File: figure/4-metodologia_teste_hipoteses.png Graphic file (type png)
<use figure/4-metodologia_teste_hipoteses.png>
Package pdftex.def Info: figure/4-metodologia_teste_hipoteses.png  used on inpu
t line 1122.
(pdftex.def)             Requested size: 455.24408pt x 249.08449pt.

Overfull \hbox (4.99997pt too wide) in paragraph at lines 1122--1123
 []$[]$ 
 []

[69 <./figure/4-metodologia_teste_hipoteses.png>] [70] [71] [72]
<figure/5-outliers_interpolacao.png, id=960, 455.0601pt x 284.5029pt>
File: figure/5-outliers_interpolacao.png Graphic file (type png)
<use figure/5-outliers_interpolacao.png>
Package pdftex.def Info: figure/5-outliers_interpolacao.png  used on input line
 1173.
(pdftex.def)             Requested size: 455.24408pt x 284.63243pt.
File: figure/5-outliers_interpolacao.png Graphic file (type png)
<use figure/5-outliers_interpolacao.png>
Package pdftex.def Info: figure/5-outliers_interpolacao.png  used on input line
 1173.
(pdftex.def)             Requested size: 455.24408pt x 284.63243pt.

Overfull \hbox (4.99997pt too wide) in paragraph at lines 1173--1174
 []$[]$ 
 []


LaTeX Warning: `!h' float specifier changed to `!ht'.

[73

] [74 <./figure/5-outliers_interpolacao.png (PNG copy)>]
<figure/5-resultado_trechos.png, id=972, 455.0601pt x 341.3553pt>
File: figure/5-resultado_trechos.png Graphic file (type png)
<use figure/5-resultado_trechos.png>
Package pdftex.def Info: figure/5-resultado_trechos.png  used on input line 120
2.
(pdftex.def)             Requested size: 455.24408pt x 341.5107pt.
File: figure/5-resultado_trechos.png Graphic file (type png)
<use figure/5-resultado_trechos.png>
Package pdftex.def Info: figure/5-resultado_trechos.png  used on input line 120
2.
(pdftex.def)             Requested size: 455.24408pt x 341.5107pt.

Overfull \hbox (4.99997pt too wide) in paragraph at lines 1202--1203
 []$[]$ 
 []

[75 <./figure/5-resultado_trechos.png (PNG copy)>]
<figure/5-resultado_correcao_gtfs.png, id=979, 455.0601pt x 284.5029pt>
File: figure/5-resultado_correcao_gtfs.png Graphic file (type png)
<use figure/5-resultado_correcao_gtfs.png>
Package pdftex.def Info: figure/5-resultado_correcao_gtfs.png  used on input li
ne 1220.
(pdftex.def)             Requested size: 455.24408pt x 284.63243pt.
File: figure/5-resultado_correcao_gtfs.png Graphic file (type png)
<use figure/5-resultado_correcao_gtfs.png>
Package pdftex.def Info: figure/5-resultado_correcao_gtfs.png  used on input li
ne 1220.
(pdftex.def)             Requested size: 455.24408pt x 284.63243pt.

Overfull \hbox (4.99997pt too wide) in paragraph at lines 1220--1221
 []$[]$ 
 []

<figure/5-resultado_correcao_gtfs_bp.png, id=981, 455.0601pt x 170.5572pt>
File: figure/5-resultado_correcao_gtfs_bp.png Graphic file (type png)
<use figure/5-resultado_correcao_gtfs_bp.png>
Package pdftex.def Info: figure/5-resultado_correcao_gtfs_bp.png  used on input
 line 1233.
(pdftex.def)             Requested size: 455.24408pt x 170.63484pt.
File: figure/5-resultado_correcao_gtfs_bp.png Graphic file (type png)
<use figure/5-resultado_correcao_gtfs_bp.png>
Package pdftex.def Info: figure/5-resultado_correcao_gtfs_bp.png  used on input
 line 1233.
(pdftex.def)             Requested size: 455.24408pt x 170.63484pt.

Overfull \hbox (4.99997pt too wide) in paragraph at lines 1233--1234
 []$[]$ 
 []


LaTeX Warning: `!h' float specifier changed to `!ht'.

[76 <./figure/5-resultado_correcao_gtfs.png>]
<figure/5-distribuicao_us.png, id=989, 455.0601pt x 455.0601pt>
File: figure/5-distribuicao_us.png Graphic file (type png)
<use figure/5-distribuicao_us.png>
Package pdftex.def Info: figure/5-distribuicao_us.png  used on input line 1256.

(pdftex.def)             Requested size: 455.24408pt x 455.26729pt.
File: figure/5-distribuicao_us.png Graphic file (type png)
<use figure/5-distribuicao_us.png>
Package pdftex.def Info: figure/5-distribuicao_us.png  used on input line 1256.

(pdftex.def)             Requested size: 455.24408pt x 455.26729pt.

Overfull \hbox (4.99997pt too wide) in paragraph at lines 1256--1257
 []$[]$ 
 []


LaTeX Warning: `!h' float specifier changed to `!ht'.

[77 <./figure/5-resultado_correcao_gtfs_bp.png>]
<figure/5-resultado_otp.png, id=998, 455.0601pt x 284.5029pt>
File: figure/5-resultado_otp.png Graphic file (type png)
<use figure/5-resultado_otp.png>
Package pdftex.def Info: figure/5-resultado_otp.png  used on input line 1274.
(pdftex.def)             Requested size: 455.24408pt x 284.63243pt.
File: figure/5-resultado_otp.png Graphic file (type png)
<use figure/5-resultado_otp.png>
Package pdftex.def Info: figure/5-resultado_otp.png  used on input line 1274.
(pdftex.def)             Requested size: 455.24408pt x 284.63243pt.

Overfull \hbox (4.99997pt too wide) in paragraph at lines 1274--1275
 []$[]$ 
 []


LaTeX Warning: `!h' float specifier changed to `!ht'.

[78 <./figure/5-distribuicao_us.png (PNG copy)>]
<figure/5-bi_tt_bp.png, id=1006, 455.0601pt x 198.9834pt>
File: figure/5-bi_tt_bp.png Graphic file (type png)
<use figure/5-bi_tt_bp.png>
Package pdftex.def Info: figure/5-bi_tt_bp.png  used on input line 1292.
(pdftex.def)             Requested size: 455.24408pt x 199.07399pt.
File: figure/5-bi_tt_bp.png Graphic file (type png)
<use figure/5-bi_tt_bp.png>
Package pdftex.def Info: figure/5-bi_tt_bp.png  used on input line 1292.
(pdftex.def)             Requested size: 455.24408pt x 199.07399pt.

Overfull \hbox (4.99997pt too wide) in paragraph at lines 1292--1293
 []$[]$ 
 []


LaTeX Warning: `!h' float specifier changed to `!ht'.

[79 <./figure/5-resultado_otp.png (PNG copy)>]
<figure/5-resultado_acess_tt_corrxprogr_sp.png, id=1013, 455.0601pt x 198.9834p
t>
File: figure/5-resultado_acess_tt_corrxprogr_sp.png Graphic file (type png)
<use figure/5-resultado_acess_tt_corrxprogr_sp.png>
Package pdftex.def Info: figure/5-resultado_acess_tt_corrxprogr_sp.png  used on
 input line 1310.
(pdftex.def)             Requested size: 455.24408pt x 199.07399pt.
File: figure/5-resultado_acess_tt_corrxprogr_sp.png Graphic file (type png)
<use figure/5-resultado_acess_tt_corrxprogr_sp.png>
Package pdftex.def Info: figure/5-resultado_acess_tt_corrxprogr_sp.png  used on
 input line 1310.
(pdftex.def)             Requested size: 455.24408pt x 199.07399pt.

Overfull \hbox (4.99997pt too wide) in paragraph at lines 1310--1311
 []$[]$ 
 []

[80 <./figure/5-bi_tt_bp.png (PNG copy)> <./figure/5-resultado_acess_tt_corrxpr
ogr_sp.png (PNG copy)>]
<figure/5-comparacao_gtfs_tt_65.png, id=1019, 455.0601pt x 284.5029pt>
File: figure/5-comparacao_gtfs_tt_65.png Graphic file (type png)
<use figure/5-comparacao_gtfs_tt_65.png>
Package pdftex.def Info: figure/5-comparacao_gtfs_tt_65.png  used on input line
 1323.
(pdftex.def)             Requested size: 455.24408pt x 284.63243pt.
File: figure/5-comparacao_gtfs_tt_65.png Graphic file (type png)
<use figure/5-comparacao_gtfs_tt_65.png>
Package pdftex.def Info: figure/5-comparacao_gtfs_tt_65.png  used on input line
 1323.
(pdftex.def)             Requested size: 455.24408pt x 284.63243pt.

Overfull \hbox (4.99997pt too wide) in paragraph at lines 1323--1324
 []$[]$ 
 []

[81 <./figure/5-comparacao_gtfs_tt_65.png (PNG copy)>]
<figure/5-resultado_acess_et_corrxprogr_sp.png, id=1026, 455.0601pt x 198.9834p
t>
File: figure/5-resultado_acess_et_corrxprogr_sp.png Graphic file (type png)
<use figure/5-resultado_acess_et_corrxprogr_sp.png>
Package pdftex.def Info: figure/5-resultado_acess_et_corrxprogr_sp.png  used on
 input line 1338.
(pdftex.def)             Requested size: 455.24408pt x 199.07399pt.
File: figure/5-resultado_acess_et_corrxprogr_sp.png Graphic file (type png)
<use figure/5-resultado_acess_et_corrxprogr_sp.png>
Package pdftex.def Info: figure/5-resultado_acess_et_corrxprogr_sp.png  used on
 input line 1338.
(pdftex.def)             Requested size: 455.24408pt x 199.07399pt.

Overfull \hbox (4.99997pt too wide) in paragraph at lines 1338--1339
 []$[]$ 
 []

[82 <./figure/5-resultado_acess_et_corrxprogr_sp.png (PNG copy)>]
<figure/5-comparacao_gtfs_et_50.png, id=1032, 455.0601pt x 284.5029pt>
File: figure/5-comparacao_gtfs_et_50.png Graphic file (type png)
<use figure/5-comparacao_gtfs_et_50.png>
Package pdftex.def Info: figure/5-comparacao_gtfs_et_50.png  used on input line
 1351.
(pdftex.def)             Requested size: 455.24408pt x 284.63243pt.
File: figure/5-comparacao_gtfs_et_50.png Graphic file (type png)
<use figure/5-comparacao_gtfs_et_50.png>
Package pdftex.def Info: figure/5-comparacao_gtfs_et_50.png  used on input line
 1351.
(pdftex.def)             Requested size: 455.24408pt x 284.63243pt.

Overfull \hbox (4.99997pt too wide) in paragraph at lines 1351--1352
 []$[]$ 
 []

<figure/5-comparacao_gtfs_absoluto.png, id=1035, 455.0601pt x 341.3553pt>
File: figure/5-comparacao_gtfs_absoluto.png Graphic file (type png)
<use figure/5-comparacao_gtfs_absoluto.png>
Package pdftex.def Info: figure/5-comparacao_gtfs_absoluto.png  used on input l
ine 1366.
(pdftex.def)             Requested size: 455.24408pt x 341.5107pt.
File: figure/5-comparacao_gtfs_absoluto.png Graphic file (type png)
<use figure/5-comparacao_gtfs_absoluto.png>
Package pdftex.def Info: figure/5-comparacao_gtfs_absoluto.png  used on input l
ine 1366.
(pdftex.def)             Requested size: 455.24408pt x 341.5107pt.

Overfull \hbox (4.99997pt too wide) in paragraph at lines 1366--1367
 []$[]$ 
 []

[83 <./figure/5-comparacao_gtfs_et_50.png (PNG copy)>] [84 <./figure/5-comparac
ao_gtfs_absoluto.png (PNG copy)>]
<figure/5-acess_extremo_padraoxp50_fim.png, id=1046, 455.5419pt x 264.99pt>
File: figure/5-acess_extremo_padraoxp50_fim.png Graphic file (type png)
<use figure/5-acess_extremo_padraoxp50_fim.png>
Package pdftex.def Info: figure/5-acess_extremo_padraoxp50_fim.png  used on inp
ut line 1383.
(pdftex.def)             Requested size: 455.24408pt x 264.81952pt.
File: figure/5-acess_extremo_padraoxp50_fim.png Graphic file (type png)
<use figure/5-acess_extremo_padraoxp50_fim.png>
Package pdftex.def Info: figure/5-acess_extremo_padraoxp50_fim.png  used on inp
ut line 1383.
(pdftex.def)             Requested size: 455.24408pt x 264.81952pt.

Overfull \hbox (4.99997pt too wide) in paragraph at lines 1383--1384
 []$[]$ 
 []

[85 <./figure/5-acess_extremo_padraoxp50_fim.png>]
<figure/5-acess_cenarios.png, id=1053, 455.0601pt x 569.0058pt>
File: figure/5-acess_cenarios.png Graphic file (type png)
<use figure/5-acess_cenarios.png>
Package pdftex.def Info: figure/5-acess_cenarios.png  used on input line 1403.
(pdftex.def)             Requested size: 455.24408pt x 569.26488pt.
File: figure/5-acess_cenarios.png Graphic file (type png)
<use figure/5-acess_cenarios.png>
Package pdftex.def Info: figure/5-acess_cenarios.png  used on input line 1403.
(pdftex.def)             Requested size: 455.24408pt x 569.26488pt.

Overfull \hbox (4.99997pt too wide) in paragraph at lines 1403--1404
 []$[]$ 
 []


LaTeX Warning: `!h' float specifier changed to `!ht'.

[86]
<figure/5-acess_dif_cenarios.png, id=1060, 455.0601pt x 284.5029pt>
File: figure/5-acess_dif_cenarios.png Graphic file (type png)
<use figure/5-acess_dif_cenarios.png>
Package pdftex.def Info: figure/5-acess_dif_cenarios.png  used on input line 14
16.
(pdftex.def)             Requested size: 455.24408pt x 284.63243pt.
File: figure/5-acess_dif_cenarios.png Graphic file (type png)
<use figure/5-acess_dif_cenarios.png>
Package pdftex.def Info: figure/5-acess_dif_cenarios.png  used on input line 14
16.
(pdftex.def)             Requested size: 455.24408pt x 284.63243pt.

Overfull \hbox (4.99997pt too wide) in paragraph at lines 1416--1417
 []$[]$ 
 []


LaTeX Warning: `!h' float specifier changed to `!ht'.

[87 <./figure/5-acess_cenarios.png (PNG copy)>]
<figure/5-acess_extremo_p50xp85_fim.png, id=1068, 454.5783pt x 265.9536pt>
File: figure/5-acess_extremo_p50xp85_fim.png Graphic file (type png)
<use figure/5-acess_extremo_p50xp85_fim.png>
Package pdftex.def Info: figure/5-acess_extremo_p50xp85_fim.png  used on input 
line 1431.
(pdftex.def)             Requested size: 455.24408pt x 266.35063pt.
File: figure/5-acess_extremo_p50xp85_fim.png Graphic file (type png)
<use figure/5-acess_extremo_p50xp85_fim.png>
Package pdftex.def Info: figure/5-acess_extremo_p50xp85_fim.png  used on input 
line 1431.
(pdftex.def)             Requested size: 455.24408pt x 266.35063pt.

Overfull \hbox (4.99997pt too wide) in paragraph at lines 1431--1432
 []$[]$ 
 []


LaTeX Warning: `!h' float specifier changed to `!ht'.

[88 <./figure/5-acess_dif_cenarios.png (PNG copy)>] [89 <./figure/5-acess_extre
mo_p50xp85_fim.png>]
<figure/5-cv_acess_tt_horas.png, id=1079, 455.0601pt x 284.5029pt>
File: figure/5-cv_acess_tt_horas.png Graphic file (type png)
<use figure/5-cv_acess_tt_horas.png>
Package pdftex.def Info: figure/5-cv_acess_tt_horas.png  used on input line 145
3.
(pdftex.def)             Requested size: 455.24408pt x 284.63243pt.
File: figure/5-cv_acess_tt_horas.png Graphic file (type png)
<use figure/5-cv_acess_tt_horas.png>
Package pdftex.def Info: figure/5-cv_acess_tt_horas.png  used on input line 145
3.
(pdftex.def)             Requested size: 455.24408pt x 284.63243pt.

Overfull \hbox (4.99997pt too wide) in paragraph at lines 1453--1454
 []$[]$ 
 []


LaTeX Warning: `!h' float specifier changed to `!ht'.

<figure/5-cv_acess_et_horas.png, id=1081, 455.0601pt x 284.5029pt>
File: figure/5-cv_acess_et_horas.png Graphic file (type png)
<use figure/5-cv_acess_et_horas.png>
Package pdftex.def Info: figure/5-cv_acess_et_horas.png  used on input line 146
6.
(pdftex.def)             Requested size: 455.24408pt x 284.63243pt.
File: figure/5-cv_acess_et_horas.png Graphic file (type png)
<use figure/5-cv_acess_et_horas.png>
Package pdftex.def Info: figure/5-cv_acess_et_horas.png  used on input line 146
6.
(pdftex.def)             Requested size: 455.24408pt x 284.63243pt.

Overfull \hbox (4.99997pt too wide) in paragraph at lines 1466--1467
 []$[]$ 
 []


LaTeX Warning: `!h' float specifier changed to `!ht'.

[90]

LaTeX Warning: Text page 91 contains only floats.

[91 <./figure/5-cv_acess_tt_horas.png (PNG copy)> <./figure/5-cv_acess_et_horas
.png (PNG copy)>] [92] [93] [94

] [95] [96] [97] [98] [99] [100] [101] [102] (./braga_dissertacao_2019.bbl [103
]
bibitemlist
[104

] [105] [106]) [107]
\tf@lof=\write4
\openout4 = `braga_dissertacao_2019.lof'.

\tf@lot=\write5
\openout5 = `braga_dissertacao_2019.lot'.

\tf@toc=\write6
\openout6 = `braga_dissertacao_2019.toc'.

Package atveryend Info: Empty hook `BeforeClearDocument' on input line 1595.
Package atveryend Info: Empty hook `AfterLastShipout' on input line 1595.
(./braga_dissertacao_2019.aux)
Package atveryend Info: Executing hook `AtVeryEndDocument' on input line 1595.
Package atveryend Info: Empty hook `AtEndAfterFileList' on input line 1595.

LaTeX Warning: There were undefined references.

Package atveryend Info: Empty hook `AtVeryVeryEnd' on input line 1595.
 ) 
Here is how much of TeX's memory you used:
 36821 strings out of 494533
 638744 string characters out of 6176081
 927730 words of memory out of 5000000
 39458 multiletter control sequences out of 15000+600000
 583152 words of font info for 247 fonts, out of 8000000 for 9000
 16 hyphenation exceptions out of 8191
 58i,18n,92p,3596b,608s stack positions out of 5000i,500n,10000p,200000b,80000s
 </home/kaue-novo/.TinyTeX/texmf-var/fonts/pk/ljfour/jknappen/ec/ectt1200.600
pk>{/home/kaue-novo/.TinyTeX/texmf-dist/fonts/enc/dvips/base/8r.enc}</home/kaue
-novo/.TinyTeX/texmf-dist/fonts/type1/public/amsfonts/cm/cmsy10.pfb></home/kaue
-novo/.TinyTeX/texmf-dist/fonts/type1/urw/times/utmb8a.pfb></home/kaue-novo/.Ti
nyTeX/texmf-dist/fonts/type1/urw/times/utmbi8a.pfb></home/kaue-novo/.TinyTeX/te
xmf-dist/fonts/type1/urw/times/utmr8a.pfb></home/kaue-novo/.TinyTeX/texmf-dist/
fonts/type1/urw/times/utmri8a.pfb>
Output written on braga_dissertacao_2019.pdf (108 pages, 14750751 bytes).
PDF statistics:
 1536 PDF objects out of 1728 (max. 8388607)
 1322 compressed objects within 14 object streams
 328 named destinations out of 1000 (max. 500000)
 27380 words of extra memory for PDF output out of 29859 (max. 10000000)

